id:99
user_name:localhost
user_id:127.0.0.1
script:ICAN View Collector Service
start_time:1570346018264
command:/home/cppxaxa/Downloads/ICAN/ScriptServer/ImageDescriptors/CameraTextDescriptor.py
exit_code:-15
>>>>>  OUTPUT STARTED <<<<<
/usr/local/lib/python3.6/dist-packages/tensorflow/python/framework/dtypes.py:516: FutureWarning: Passing (type, 1) or '1type' as a synonym of type is deprecated; in a future version of numpy, it will be understood as (type, (1,)) / '(1,)type'.
  _np_qint8 = np.dtype([("qint8", np.int8, 1)])
/usr/local/lib/python3.6/dist-packages/tensorflow/python/framework/dtypes.py:517: FutureWarning: Passing (type, 1) or '1type' as a synonym of type is deprecated; in a future version of numpy, it will be understood as (type, (1,)) / '(1,)type'.
  _np_quint8 = np.dtype([("quint8", np.uint8, 1)])
/usr/local/lib/python3.6/dist-packages/tensorflow/python/framework/dtypes.py:518: FutureWarning: Passing (type, 1) or '1type' as a synonym of type is deprecated; in a future version of numpy, it will be understood as (type, (1,)) / '(1,)type'.
  _np_qint16 = np.dtype([("qint16", np.int16, 1)])
/usr/local/lib/python3.6/dist-packages/tensorflow/python/framework/dtypes.py:519: FutureWarning: Passing (type, 1) or '1type' as a synonym of type is deprecated; in a future version of numpy, it will be understood as (type, (1,)) / '(1,)type'.
  _np_quint16 = np.dtype([("quint16", np.uint16, 1)])
/usr/local/lib/python3.6/dist-packages/tensorflow/python/framework/dtypes.py:520: FutureWarning: Passing (type, 1) or '1type' as a synonym of type is deprecated; in a future version of numpy, it will be understood as (type, (1,)) / '(1,)type'.
  _np_qint32 = np.dtype([("qint32", np.int32, 1)])
/usr/local/lib/python3.6/dist-packages/tensorflow/python/framework/dtypes.py:525: FutureWarning: Passing (type, 1) or '1type' as a synonym of type is deprecated; in a future version of numpy, it will be understood as (type, (1,)) / '(1,)type'.
  np_resource = np.dtype([("resource", np.ubyte, 1)])
/usr/local/lib/python3.6/dist-packages/tensorboard/compat/tensorflow_stub/dtypes.py:541: FutureWarning: Passing (type, 1) or '1type' as a synonym of type is deprecated; in a future version of numpy, it will be understood as (type, (1,)) / '(1,)type'.
  _np_qint8 = np.dtype([("qint8", np.int8, 1)])
/usr/local/lib/python3.6/dist-packages/tensorboard/compat/tensorflow_stub/dtypes.py:542: FutureWarning: Passing (type, 1) or '1type' as a synonym of type is deprecated; in a future version of numpy, it will be understood as (type, (1,)) / '(1,)type'.
  _np_quint8 = np.dtype([("quint8", np.uint8, 1)])
/usr/local/lib/python3.6/dist-packages/tensorboard/compat/tensorflow_stub/dtypes.py:543: FutureWarning: Passing (type, 1) or '1type' as a synonym of type is deprecated; in a future version of numpy, it will be understood as (type, (1,)) / '(1,)type'.
  _np_qint16 = np.dtype([("qint16", np.int16, 1)])
/usr/local/lib/python3.6/dist-packages/tensorboard/compat/tensorflow_stub/dtypes.py:544: FutureWarning: Passing (type, 1) or '1type' as a synonym of type is deprecated; in a future version of numpy, it will be understood as (type, (1,)) / '(1,)type'.
  _np_quint16 = np.dtype([("quint16", np.uint16, 1)])
/usr/local/lib/python3.6/dist-packages/tensorboard/compat/tensorflow_stub/dtypes.py:545: FutureWarning: Passing (type, 1) or '1type' as a synonym of type is deprecated; in a future version of numpy, it will be understood as (type, (1,)) / '(1,)type'.
  _np_qint32 = np.dtype([("qint32", np.int32, 1)])
/usr/local/lib/python3.6/dist-packages/tensorboard/compat/tensorflow_stub/dtypes.py:550: FutureWarning: Passing (type, 1) or '1type' as a synonym of type is deprecated; in a future version of numpy, it will be understood as (type, (1,)) / '(1,)type'.
  np_resource = np.dtype([("resource", np.ubyte, 1)])
WARNING: Logging before flag parsing goes to stderr.
W1006 12:43:39.789071 140659331118912 deprecation_wrapper.py:119] From /home/cppxaxa/Downloads/ICAN/ScriptServer/ImageDescriptors/object_detection/utils/label_map_util.py:103: The name tf.gfile.GFile is deprecated. Please use tf.io.gfile.GFile instead.

W1006 12:43:41.402090 140659331118912 deprecation_wrapper.py:119] From /home/cppxaxa/Downloads/ICAN/ScriptServer/ImageDescriptors/minimal_object_detection_lib.py:77: The name tf.GraphDef is deprecated. Please use tf.compat.v1.GraphDef instead.

W1006 12:43:42.299194 140659331118912 deprecation_wrapper.py:119] From /home/cppxaxa/Downloads/ICAN/ScriptServer/ImageDescriptors/minimal_object_detection_lib.py:83: The name tf.Session is deprecated. Please use tf.compat.v1.Session instead.

2019-10-06 12:43:42.299630: I tensorflow/core/platform/cpu_feature_guard.cc:142] Your CPU supports instructions that this TensorFlow binary was not compiled to use: AVX2 FMA
2019-10-06 12:43:42.322110: I tensorflow/core/platform/profile_utils/cpu_utils.cc:94] CPU Frequency: 2496000000 Hz
2019-10-06 12:43:42.322402: I tensorflow/compiler/xla/service/service.cc:168] XLA service 0x7fb5a50 executing computations on platform Host. Devices:
2019-10-06 12:43:42.322420: I tensorflow/compiler/xla/service/service.cc:175]   StreamExecutor device (0): <undefined>, <undefined>
W1006 12:43:42.322880 140659331118912 deprecation_wrapper.py:119] From /home/cppxaxa/Downloads/ICAN/ScriptServer/ImageDescriptors/core/inference_utils/inference_wrapper_base.py:114: The name tf.logging.info is deprecated. Please use tf.compat.v1.logging.info instead.

W1006 12:43:42.323039 140659331118912 deprecation.py:323] From /home/cppxaxa/Downloads/ICAN/ScriptServer/ImageDescriptors/core/show_and_tell_model.py:55: TFRecordReader.__init__ (from tensorflow.python.ops.io_ops) is deprecated and will be removed in a future version.
Instructions for updating:
Queue-based input pipelines have been replaced by `tf.data`. Use `tf.data.TFRecordDataset`.
W1006 12:43:42.323858 140659331118912 deprecation_wrapper.py:119] From /home/cppxaxa/Downloads/ICAN/ScriptServer/ImageDescriptors/core/show_and_tell_model.py:132: The name tf.placeholder is deprecated. Please use tf.compat.v1.placeholder instead.

W1006 12:43:42.327063 140659331118912 deprecation_wrapper.py:119] From /home/cppxaxa/Downloads/ICAN/ScriptServer/ImageDescriptors/core/ops/image_processing.py:95: The name tf.summary.image is deprecated. Please use tf.compat.v1.summary.image instead.

W1006 12:43:42.329334 140659331118912 deprecation_wrapper.py:119] From /home/cppxaxa/Downloads/ICAN/ScriptServer/ImageDescriptors/core/ops/image_processing.py:111: The name tf.image.resize_images is deprecated. Please use tf.image.resize instead.

W1006 12:43:42.332187 140659331118912 deprecation_wrapper.py:119] From /home/cppxaxa/Downloads/ICAN/ScriptServer/ImageDescriptors/core/ops/image_processing.py:120: The name tf.image.resize_image_with_crop_or_pad is deprecated. Please use tf.image.resize_with_crop_or_pad instead.

W1006 12:43:42.347486 140659331118912 deprecation_wrapper.py:119] From /home/cppxaxa/Downloads/ICAN/ScriptServer/ImageDescriptors/core/ops/image_embedding.py:87: The name tf.variable_scope is deprecated. Please use tf.compat.v1.variable_scope instead.

W1006 12:43:44.815490 140659331118912 deprecation.py:323] From /usr/local/lib/python3.6/dist-packages/tensorflow/contrib/layers/python/layers/layers.py:1634: flatten (from tensorflow.python.layers.core) is deprecated and will be removed in a future version.
Instructions for updating:
Use keras.layers.flatten instead.
W1006 12:43:44.973445 140659331118912 deprecation.py:323] From /usr/local/lib/python3.6/dist-packages/tensorflow/contrib/layers/python/layers/summaries.py:95: to_float (from tensorflow.python.ops.math_ops) is deprecated and will be removed in a future version.
Instructions for updating:
Use `tf.cast` instead.
W1006 12:43:45.001719 140659331118912 deprecation_wrapper.py:119] From /home/cppxaxa/Downloads/ICAN/ScriptServer/ImageDescriptors/core/show_and_tell_model.py:194: The name tf.get_collection is deprecated. Please use tf.compat.v1.get_collection instead.

W1006 12:43:45.213716 140659331118912 deprecation.py:323] From /home/cppxaxa/Downloads/ICAN/ScriptServer/ImageDescriptors/core/show_and_tell_model.py:248: BasicLSTMCell.__init__ (from tensorflow.python.ops.rnn_cell_impl) is deprecated and will be removed in a future version.
Instructions for updating:
This class is equivalent as tf.keras.layers.LSTMCell, and will be replaced by that in Tensorflow 2.0.
W1006 12:43:45.228328 140659331118912 deprecation.py:506] From /usr/local/lib/python3.6/dist-packages/tensorflow/python/ops/rnn_cell_impl.py:738: calling Zeros.__init__ (from tensorflow.python.ops.init_ops) with dtype is deprecated and will be removed in a future version.
Instructions for updating:
Call initializer instance with the dtype argument instead of passing it to the constructor
W1006 12:43:45.513272 140659331118912 deprecation_wrapper.py:119] From /home/cppxaxa/Downloads/ICAN/ScriptServer/ImageDescriptors/core/inference_utils/inference_wrapper_base.py:116: The name tf.train.Saver is deprecated. Please use tf.compat.v1.train.Saver instead.

W1006 12:43:45.771708 140659331118912 deprecation_wrapper.py:119] From /home/cppxaxa/Downloads/ICAN/ScriptServer/ImageDescriptors/core/inference_utils/inference_wrapper_base.py:89: The name tf.gfile.IsDirectory is deprecated. Please use tf.io.gfile.isdir instead.

W1006 12:43:45.772222 140659331118912 deprecation.py:323] From /usr/local/lib/python3.6/dist-packages/tensorflow/python/training/saver.py:1276: checkpoint_exists (from tensorflow.python.training.checkpoint_management) is deprecated and will be removed in a future version.
Instructions for updating:
Use standard file APIs to check for files with this prefix.
2019-10-06 12:43:46.107920: W tensorflow/compiler/jit/mark_for_compilation_pass.cc:1412] (One-time warning): Not using XLA:CPU for cluster because envvar TF_XLA_FLAGS=--tf_xla_cpu_global_jit was not set.  If you want XLA:CPU, either set that envvar, or use experimental_jit_scope to enable XLA:CPU.  To confirm that XLA is active, pass --vmodule=xla_compilation_cache=1 (as a proper command-line flag, not via TF_XLA_FLAGS) or set the envvar XLA_FLAGS=--xla_hlo_profile.
W1006 12:43:47.324982 140659331118912 initializers.py:322] Did not use initialization regex that was passed: .*weight_hh.*
W1006 12:43:47.325124 140659331118912 initializers.py:322] Did not use initialization regex that was passed: .*bias_ih.*
W1006 12:43:47.325180 140659331118912 initializers.py:322] Did not use initialization regex that was passed: .*weight_ih.*
W1006 12:43:47.325226 140659331118912 initializers.py:322] Did not use initialization regex that was passed: .*bias_hh.*
/usr/local/lib/python3.6/dist-packages/torch/nn/modules/rnn.py:51: UserWarning: dropout option adds dropout after all but last recurrent layer, so non-zero dropout expects num_layers greater than 1, but got dropout=0.2 and num_layers=1
  "num_layers={}".format(dropout, num_layers))
/home/cppxaxa/.local/lib/python3.6/site-packages/allennlp/data/token_indexers/token_characters_indexer.py:56: UserWarning: You are using the default value (0) of `min_padding_length`, which can cause some subtle bugs (more info see https://github.com/allenai/allennlp/issues/1954). Strongly recommend to set a value, usually the maximum size of the convolutional layer size when using CnnEncoder.
  UserWarning)
Configuration: [{'name': 'cam_5', 'url': 'http://127.0.0.1:5001/0.jpg'}]
Epcoh 0
W1006 12:43:49.267834 140659331118912 deprecation_wrapper.py:119] From /home/cppxaxa/Downloads/ICAN/ScriptServer/ImageDescriptors/core/inference_utils/vocabulary.py:43: The name tf.gfile.Exists is deprecated. Please use tf.io.gfile.exists instead.

W1006 12:43:50.544225 140659331118912 sequence_label_field.py:77] Your label namespace was 'pos'. We recommend you use a namespace ending with 'labels' or 'tags', so we don't add UNK and PAD tokens by default to your vocabulary.  See documentation for `non_padded_namespaces` parameter in Vocabulary.
Epcoh 20

>> STOPPED BY USER
