id:126
user_name:localhost
user_id:127.0.0.1
script:ICAN QA Service
start_time:1570428991886
command:/home/cppxaxa/Downloads/ICAN/ICANScriptServer/ImageDescriptors/QAService.py
exit_code:-15
>>>>>  OUTPUT STARTED <<<<<
Did not use initialization regex that was passed: .*bias_ih.*
Did not use initialization regex that was passed: .*weight_hh.*
Did not use initialization regex that was passed: .*bias_hh.*
Did not use initialization regex that was passed: .*weight_ih.*
MML model file for initializing weights is passed, but does not exist. This is fine if you're just decoding.
Sample call: /qa?cam=5&question=Hello
 * Serving Flask app "QAService" (lazy loading)
 * Environment: production
[31m   WARNING: This is a development server. Do not use it in a production deployment.[0m
[2m   Use a production WSGI server instead.[0m
 * Debug mode: off
INFO:werkzeug: * Running on http://127.0.0.1:5002/ (Press CTRL+C to quit)
WARNING:allennlp.data.fields.sequence_label_field:Your label namespace was 'pos'. We recommend you use a namespace ending with 'labels' or 'tags', so we don't add UNK and PAD tokens by default to your vocabulary.  See documentation for `non_padded_namespaces` parameter in Vocabulary.
WARNING:allennlp.models.model:Encountered the action_mapping key in the model's return dictionary which couldn't be split by the batch size. Key will be ignored.
INFO:werkzeug:127.0.0.1 - - [07/Oct/2019 11:46:38] "[37mGET /qa?cam=99&question=is%20there%20any%20person HTTP/1.1[0m" 200 -
INFO:werkzeug:127.0.0.1 - - [07/Oct/2019 11:47:28] "[37mGET /qa?cam=99&question=aperson%20isthere HTTP/1.1[0m" 200 -
INFO:werkzeug:127.0.0.1 - - [07/Oct/2019 11:47:34] "[37mGET /qa?cam=99&question=aperson HTTP/1.1[0m" 200 -

>> STOPPED BY USER
