id:107
user_name:localhost
user_id:127.0.0.1
script:ICAN Image Collection Service
start_time:1570426175942
command:/home/cppxaxa/Downloads/ICAN/ScriptServer/ImageDescriptors/CameraTextDescriptor.py --modify Parse test_image.jpg
exit_code:-15
>>>>>  OUTPUT STARTED <<<<<
/usr/local/lib/python3.6/dist-packages/tensorflow/python/framework/dtypes.py:516: FutureWarning: Passing (type, 1) or '1type' as a synonym of type is deprecated; in a future version of numpy, it will be understood as (type, (1,)) / '(1,)type'.
  _np_qint8 = np.dtype([("qint8", np.int8, 1)])
/usr/local/lib/python3.6/dist-packages/tensorflow/python/framework/dtypes.py:517: FutureWarning: Passing (type, 1) or '1type' as a synonym of type is deprecated; in a future version of numpy, it will be understood as (type, (1,)) / '(1,)type'.
  _np_quint8 = np.dtype([("quint8", np.uint8, 1)])
/usr/local/lib/python3.6/dist-packages/tensorflow/python/framework/dtypes.py:518: FutureWarning: Passing (type, 1) or '1type' as a synonym of type is deprecated; in a future version of numpy, it will be understood as (type, (1,)) / '(1,)type'.
  _np_qint16 = np.dtype([("qint16", np.int16, 1)])
/usr/local/lib/python3.6/dist-packages/tensorflow/python/framework/dtypes.py:519: FutureWarning: Passing (type, 1) or '1type' as a synonym of type is deprecated; in a future version of numpy, it will be understood as (type, (1,)) / '(1,)type'.
  _np_quint16 = np.dtype([("quint16", np.uint16, 1)])
/usr/local/lib/python3.6/dist-packages/tensorflow/python/framework/dtypes.py:520: FutureWarning: Passing (type, 1) or '1type' as a synonym of type is deprecated; in a future version of numpy, it will be understood as (type, (1,)) / '(1,)type'.
  _np_qint32 = np.dtype([("qint32", np.int32, 1)])
/usr/local/lib/python3.6/dist-packages/tensorflow/python/framework/dtypes.py:525: FutureWarning: Passing (type, 1) or '1type' as a synonym of type is deprecated; in a future version of numpy, it will be understood as (type, (1,)) / '(1,)type'.
  np_resource = np.dtype([("resource", np.ubyte, 1)])
/usr/local/lib/python3.6/dist-packages/tensorboard/compat/tensorflow_stub/dtypes.py:541: FutureWarning: Passing (type, 1) or '1type' as a synonym of type is deprecated; in a future version of numpy, it will be understood as (type, (1,)) / '(1,)type'.
  _np_qint8 = np.dtype([("qint8", np.int8, 1)])
/usr/local/lib/python3.6/dist-packages/tensorboard/compat/tensorflow_stub/dtypes.py:542: FutureWarning: Passing (type, 1) or '1type' as a synonym of type is deprecated; in a future version of numpy, it will be understood as (type, (1,)) / '(1,)type'.
  _np_quint8 = np.dtype([("quint8", np.uint8, 1)])
/usr/local/lib/python3.6/dist-packages/tensorboard/compat/tensorflow_stub/dtypes.py:543: FutureWarning: Passing (type, 1) or '1type' as a synonym of type is deprecated; in a future version of numpy, it will be understood as (type, (1,)) / '(1,)type'.
  _np_qint16 = np.dtype([("qint16", np.int16, 1)])
/usr/local/lib/python3.6/dist-packages/tensorboard/compat/tensorflow_stub/dtypes.py:544: FutureWarning: Passing (type, 1) or '1type' as a synonym of type is deprecated; in a future version of numpy, it will be understood as (type, (1,)) / '(1,)type'.
  _np_quint16 = np.dtype([("quint16", np.uint16, 1)])
/usr/local/lib/python3.6/dist-packages/tensorboard/compat/tensorflow_stub/dtypes.py:545: FutureWarning: Passing (type, 1) or '1type' as a synonym of type is deprecated; in a future version of numpy, it will be understood as (type, (1,)) / '(1,)type'.
  _np_qint32 = np.dtype([("qint32", np.int32, 1)])
/usr/local/lib/python3.6/dist-packages/tensorboard/compat/tensorflow_stub/dtypes.py:550: FutureWarning: Passing (type, 1) or '1type' as a synonym of type is deprecated; in a future version of numpy, it will be understood as (type, (1,)) / '(1,)type'.
  np_resource = np.dtype([("resource", np.ubyte, 1)])
WARNING: Logging before flag parsing goes to stderr.
W1007 10:59:52.689196 140027004581696 deprecation_wrapper.py:119] From /home/cppxaxa/Downloads/ICAN/ScriptServer/ImageDescriptors/object_detection/utils/label_map_util.py:103: The name tf.gfile.GFile is deprecated. Please use tf.io.gfile.GFile instead.

W1007 11:00:00.208535 140027004581696 deprecation_wrapper.py:119] From /home/cppxaxa/Downloads/ICAN/ScriptServer/ImageDescriptors/minimal_object_detection_lib.py:77: The name tf.GraphDef is deprecated. Please use tf.compat.v1.GraphDef instead.

W1007 11:00:02.393007 140027004581696 deprecation_wrapper.py:119] From /home/cppxaxa/Downloads/ICAN/ScriptServer/ImageDescriptors/minimal_object_detection_lib.py:83: The name tf.Session is deprecated. Please use tf.compat.v1.Session instead.

2019-10-07 11:00:02.808307: I tensorflow/core/platform/cpu_feature_guard.cc:142] Your CPU supports instructions that this TensorFlow binary was not compiled to use: AVX2 FMA
2019-10-07 11:00:03.094476: I tensorflow/core/platform/profile_utils/cpu_utils.cc:94] CPU Frequency: 2496000000 Hz
2019-10-07 11:00:03.094948: I tensorflow/compiler/xla/service/service.cc:168] XLA service 0x6ba4250 executing computations on platform Host. Devices:
2019-10-07 11:00:03.094994: I tensorflow/compiler/xla/service/service.cc:175]   StreamExecutor device (0): <undefined>, <undefined>
W1007 11:00:03.102627 140027004581696 deprecation_wrapper.py:119] From /home/cppxaxa/Downloads/ICAN/ScriptServer/ImageDescriptors/core/inference_utils/inference_wrapper_base.py:114: The name tf.logging.info is deprecated. Please use tf.compat.v1.logging.info instead.

W1007 11:00:03.103066 140027004581696 deprecation.py:323] From /home/cppxaxa/Downloads/ICAN/ScriptServer/ImageDescriptors/core/show_and_tell_model.py:55: TFRecordReader.__init__ (from tensorflow.python.ops.io_ops) is deprecated and will be removed in a future version.
Instructions for updating:
Queue-based input pipelines have been replaced by `tf.data`. Use `tf.data.TFRecordDataset`.
W1007 11:00:03.105415 140027004581696 deprecation_wrapper.py:119] From /home/cppxaxa/Downloads/ICAN/ScriptServer/ImageDescriptors/core/show_and_tell_model.py:132: The name tf.placeholder is deprecated. Please use tf.compat.v1.placeholder instead.

W1007 11:00:03.120199 140027004581696 deprecation_wrapper.py:119] From /home/cppxaxa/Downloads/ICAN/ScriptServer/ImageDescriptors/core/ops/image_processing.py:95: The name tf.summary.image is deprecated. Please use tf.compat.v1.summary.image instead.

W1007 11:00:03.127021 140027004581696 deprecation_wrapper.py:119] From /home/cppxaxa/Downloads/ICAN/ScriptServer/ImageDescriptors/core/ops/image_processing.py:111: The name tf.image.resize_images is deprecated. Please use tf.image.resize instead.

W1007 11:00:03.133857 140027004581696 deprecation_wrapper.py:119] From /home/cppxaxa/Downloads/ICAN/ScriptServer/ImageDescriptors/core/ops/image_processing.py:120: The name tf.image.resize_image_with_crop_or_pad is deprecated. Please use tf.image.resize_with_crop_or_pad instead.

W1007 11:00:03.156187 140027004581696 deprecation_wrapper.py:119] From /home/cppxaxa/Downloads/ICAN/ScriptServer/ImageDescriptors/core/ops/image_embedding.py:87: The name tf.variable_scope is deprecated. Please use tf.compat.v1.variable_scope instead.

W1007 11:00:05.817837 140027004581696 deprecation.py:323] From /usr/local/lib/python3.6/dist-packages/tensorflow/contrib/layers/python/layers/layers.py:1634: flatten (from tensorflow.python.layers.core) is deprecated and will be removed in a future version.
Instructions for updating:
Use keras.layers.flatten instead.
W1007 11:00:07.481788 140027004581696 deprecation.py:323] From /usr/local/lib/python3.6/dist-packages/tensorflow/contrib/layers/python/layers/summaries.py:95: to_float (from tensorflow.python.ops.math_ops) is deprecated and will be removed in a future version.
Instructions for updating:
Use `tf.cast` instead.
W1007 11:00:07.511853 140027004581696 deprecation_wrapper.py:119] From /home/cppxaxa/Downloads/ICAN/ScriptServer/ImageDescriptors/core/show_and_tell_model.py:194: The name tf.get_collection is deprecated. Please use tf.compat.v1.get_collection instead.

W1007 11:00:07.754479 140027004581696 deprecation.py:323] From /home/cppxaxa/Downloads/ICAN/ScriptServer/ImageDescriptors/core/show_and_tell_model.py:248: BasicLSTMCell.__init__ (from tensorflow.python.ops.rnn_cell_impl) is deprecated and will be removed in a future version.
Instructions for updating:
This class is equivalent as tf.keras.layers.LSTMCell, and will be replaced by that in Tensorflow 2.0.
W1007 11:00:07.774659 140027004581696 deprecation.py:506] From /usr/local/lib/python3.6/dist-packages/tensorflow/python/ops/rnn_cell_impl.py:738: calling Zeros.__init__ (from tensorflow.python.ops.init_ops) with dtype is deprecated and will be removed in a future version.
Instructions for updating:
Call initializer instance with the dtype argument instead of passing it to the constructor
W1007 11:00:08.256725 140027004581696 deprecation_wrapper.py:119] From /home/cppxaxa/Downloads/ICAN/ScriptServer/ImageDescriptors/core/inference_utils/inference_wrapper_base.py:116: The name tf.train.Saver is deprecated. Please use tf.compat.v1.train.Saver instead.

W1007 11:00:08.520081 140027004581696 deprecation_wrapper.py:119] From /home/cppxaxa/Downloads/ICAN/ScriptServer/ImageDescriptors/core/inference_utils/inference_wrapper_base.py:89: The name tf.gfile.IsDirectory is deprecated. Please use tf.io.gfile.isdir instead.

W1007 11:00:08.520653 140027004581696 deprecation.py:323] From /usr/local/lib/python3.6/dist-packages/tensorflow/python/training/saver.py:1276: checkpoint_exists (from tensorflow.python.training.checkpoint_management) is deprecated and will be removed in a future version.
Instructions for updating:
Use standard file APIs to check for files with this prefix.
2019-10-07 11:00:09.746823: W tensorflow/compiler/jit/mark_for_compilation_pass.cc:1412] (One-time warning): Not using XLA:CPU for cluster because envvar TF_XLA_FLAGS=--tf_xla_cpu_global_jit was not set.  If you want XLA:CPU, either set that envvar, or use experimental_jit_scope to enable XLA:CPU.  To confirm that XLA is active, pass --vmodule=xla_compilation_cache=1 (as a proper command-line flag, not via TF_XLA_FLAGS) or set the envvar XLA_FLAGS=--xla_hlo_profile.
W1007 11:00:13.299524 140027004581696 initializers.py:322] Did not use initialization regex that was passed: .*bias_hh.*
W1007 11:00:13.299652 140027004581696 initializers.py:322] Did not use initialization regex that was passed: .*bias_ih.*
W1007 11:00:13.299709 140027004581696 initializers.py:322] Did not use initialization regex that was passed: .*weight_hh.*
W1007 11:00:13.299754 140027004581696 initializers.py:322] Did not use initialization regex that was passed: .*weight_ih.*
/usr/local/lib/python3.6/dist-packages/torch/nn/modules/rnn.py:51: UserWarning: dropout option adds dropout after all but last recurrent layer, so non-zero dropout expects num_layers greater than 1, but got dropout=0.2 and num_layers=1
  "num_layers={}".format(dropout, num_layers))
/home/cppxaxa/.local/lib/python3.6/site-packages/allennlp/data/token_indexers/token_characters_indexer.py:56: UserWarning: You are using the default value (0) of `min_padding_length`, which can cause some subtle bugs (more info see https://github.com/allenai/allennlp/issues/1954). Strongly recommend to set a value, usually the maximum size of the convolutional layer size when using CnnEncoder.
  UserWarning)
Configuration: [{'name': 'cam_5', 'url': 'http://127.0.0.1:5001/0.jpg'}]
Epcoh 0
Epcoh 20
Epcoh 40
Epcoh 60
Epcoh 80
Epcoh 100
Epcoh 120
Epcoh 140
Epcoh 160
Epcoh 180
Epcoh 200
Epcoh 220
Epcoh 240
Epcoh 260
Epcoh 280
Epcoh 300
Epcoh 320
Epcoh 340
Epcoh 360
Epcoh 380
Epcoh 400
Epcoh 420
Epcoh 440
Epcoh 460
Epcoh 480
Epcoh 500
Epcoh 520
Epcoh 540
Epcoh 560
Epcoh 580
Epcoh 600
Epcoh 620
Epcoh 640
Epcoh 660
Epcoh 680
Epcoh 700
Epcoh 720
Epcoh 740
Epcoh 760
Epcoh 780
Epcoh 800
Epcoh 820
Epcoh 840
Epcoh 860
Epcoh 880
Epcoh 900
Epcoh 920
Epcoh 940
Epcoh 960
Epcoh 980
Epcoh 1000
Epcoh 1020
Epcoh 1040
Epcoh 1060
Epcoh 1080
Epcoh 1100
Epcoh 1120
Epcoh 1140
Epcoh 1160
Epcoh 1180
Epcoh 1200
Epcoh 1220
Epcoh 1240
Epcoh 1260
Epcoh 1280
Epcoh 1300
Epcoh 1320
Epcoh 1340
Epcoh 1360
Epcoh 1380
Epcoh 1400
Epcoh 1420
Epcoh 1440
Epcoh 1460
Epcoh 1480
Epcoh 1500
Epcoh 1520
Epcoh 1540
Epcoh 1560
Epcoh 1580
Epcoh 1600
Epcoh 1620
Epcoh 1640
Epcoh 1660
Epcoh 1680
Epcoh 1700
Epcoh 1720
Epcoh 1740
Epcoh 1760
Epcoh 1780
Epcoh 1800
Epcoh 1820
Epcoh 1840
Epcoh 1860
Epcoh 1880
Epcoh 1900
Epcoh 1920
Epcoh 1940
Epcoh 1960
Epcoh 1980
Epcoh 2000
Epcoh 2020
Epcoh 2040
Epcoh 2060
Epcoh 2080
Epcoh 2100
Epcoh 2120
Epcoh 2140
Epcoh 2160
Epcoh 2180
Epcoh 2200
Epcoh 2220
Epcoh 2240
Epcoh 2260
Epcoh 2280
Epcoh 2300
Epcoh 2320
Epcoh 2340
Epcoh 2360
Epcoh 2380
Epcoh 2400
Epcoh 2420
Epcoh 2440
Epcoh 2460
Epcoh 2480
Epcoh 2500
Epcoh 2520
Epcoh 2540
Epcoh 2560
Epcoh 2580
Epcoh 2600
Epcoh 2620
Epcoh 2640
Epcoh 2660
Epcoh 2680
Epcoh 2700
Epcoh 2720
Epcoh 2740
Epcoh 2760
Epcoh 2780
Epcoh 2800
Epcoh 2820
Epcoh 2840
Epcoh 2860
Epcoh 2880
Epcoh 2900
Epcoh 2920
Epcoh 2940
Epcoh 2960
Epcoh 2980
Epcoh 3000
Epcoh 3020
Epcoh 3040
Epcoh 3060
Epcoh 3080
Epcoh 3100
Epcoh 3120
Epcoh 3140
Epcoh 3160
Epcoh 3180
Epcoh 3200
Epcoh 3220
Epcoh 3240
Epcoh 3260
Epcoh 3280
Epcoh 3300
Epcoh 3320
Epcoh 3340
Epcoh 3360
Epcoh 3380
Epcoh 3400
Epcoh 3420
Epcoh 3440
Epcoh 3460
Epcoh 3480
Epcoh 3500
Epcoh 3520
Epcoh 3540
Epcoh 3560
Epcoh 3580
Epcoh 3600
Epcoh 3620
Epcoh 3640
Epcoh 3660
Epcoh 3680
Epcoh 3700
Epcoh 3720
Epcoh 3740
Epcoh 3760
Epcoh 3780
Epcoh 3800
Epcoh 3820
Epcoh 3840
Epcoh 3860
Epcoh 3880
Epcoh 3900
Epcoh 3920
Epcoh 3940
Epcoh 3960
Epcoh 3980
Epcoh 4000
Epcoh 4020
Epcoh 4040
Epcoh 4060
Epcoh 4080
Epcoh 4100
Epcoh 4120
Epcoh 4140
Epcoh 4160
Epcoh 4180
Epcoh 4200
Epcoh 4220
Epcoh 4240
Epcoh 4260
Epcoh 4280
Epcoh 4300
Epcoh 4320
Epcoh 4340
Epcoh 4360
Epcoh 4380
Epcoh 4400
Epcoh 4420
Epcoh 4440
Epcoh 4460
Epcoh 4480
Epcoh 4500
Epcoh 4520
Epcoh 4540
Epcoh 4560
Epcoh 4580
Epcoh 4600
Epcoh 4620
Epcoh 4640
Epcoh 4660
Epcoh 4680
Epcoh 4700
Epcoh 4720
Epcoh 4740
Epcoh 4760
Epcoh 4780
Epcoh 4800
Epcoh 4820
Epcoh 4840
Epcoh 4860
Epcoh 4880
Epcoh 4900
Epcoh 4920
Epcoh 4940
Epcoh 4960
Epcoh 4980
Epcoh 5000
Epcoh 5020
Epcoh 5040
Epcoh 5060
Epcoh 5080
Epcoh 5100
Epcoh 5120
Epcoh 5140
Epcoh 5160
Epcoh 5180
Epcoh 5200
Epcoh 5220
Epcoh 5240
Epcoh 5260
Epcoh 5280
Epcoh 5300
Epcoh 5320
Epcoh 5340
Epcoh 5360
Epcoh 5380
Epcoh 5400
Epcoh 5420
Epcoh 5440
Epcoh 5460
Epcoh 5480
Epcoh 5500
Epcoh 5520
Epcoh 5540
Epcoh 5560
Epcoh 5580
Epcoh 5600
Epcoh 5620
Epcoh 5640
Epcoh 5660
Epcoh 5680
Epcoh 5700
Epcoh 5720
Epcoh 5740
Epcoh 5760
Epcoh 5780
Epcoh 5800
Epcoh 5820
Epcoh 5840
Epcoh 5860
Epcoh 5880
Epcoh 5900
Epcoh 5920
Epcoh 5940
Epcoh 5960
Epcoh 5980
Epcoh 6000
Epcoh 6020
Epcoh 6040
Epcoh 6060
Epcoh 6080
Epcoh 6100
Epcoh 6120
Epcoh 6140
Epcoh 6160
Epcoh 6180
Epcoh 6200
Epcoh 6220
Epcoh 6240
Epcoh 6260
Epcoh 6280
Epcoh 6300
Epcoh 6320
Epcoh 6340
Epcoh 6360
Epcoh 6380
Epcoh 6400
Epcoh 6420
Epcoh 6440
Epcoh 6460
Epcoh 6480
Epcoh 6500
Epcoh 6520
Epcoh 6540
Epcoh 6560
Epcoh 6580
Epcoh 6600
Epcoh 6620
Epcoh 6640
Epcoh 6660
Epcoh 6680
Epcoh 6700
Epcoh 6720
Epcoh 6740
Epcoh 6760
Epcoh 6780
Epcoh 6800
Epcoh 6820
Epcoh 6840
Epcoh 6860
Epcoh 6880
Epcoh 6900
Epcoh 6920
Epcoh 6940
Epcoh 6960
Epcoh 6980
Epcoh 7000
Epcoh 7020
Epcoh 7040
Epcoh 7060
Epcoh 7080
Epcoh 7100
Epcoh 7120
Epcoh 7140
Epcoh 7160
Epcoh 7180
Epcoh 7200
Epcoh 7220
Epcoh 7240
Epcoh 7260
Epcoh 7280
Epcoh 7300
Epcoh 7320
Epcoh 7340
Epcoh 7360
Epcoh 7380
Epcoh 7400
Epcoh 7420
Epcoh 7440
Epcoh 7460
Epcoh 7480
Epcoh 7500
Epcoh 7520
Epcoh 7540
Epcoh 7560
Epcoh 7580
Epcoh 7600
Epcoh 7620
Epcoh 7640
Epcoh 7660
Epcoh 7680
Epcoh 7700
Epcoh 7720
Epcoh 7740
Epcoh 7760
Epcoh 7780
Epcoh 7800
Epcoh 7820
Epcoh 7840
Epcoh 7860
Epcoh 7880
Epcoh 7900
Epcoh 7920
Epcoh 7940
Epcoh 7960
Epcoh 7980
Epcoh 8000
Epcoh 8020
Epcoh 8040
Epcoh 8060
Epcoh 8080
Epcoh 8100
Epcoh 8120
Epcoh 8140
Epcoh 8160
Epcoh 8180
Epcoh 8200
Epcoh 8220
Epcoh 8240
Epcoh 8260
Epcoh 8280
Epcoh 8300
Epcoh 8320
Epcoh 8340
Epcoh 8360
Epcoh 8380
Epcoh 8400
Epcoh 8420
Epcoh 8440
Epcoh 8460
Epcoh 8480
Epcoh 8500
Epcoh 8520
Epcoh 8540
Epcoh 8560
Epcoh 8580
Epcoh 8600
Epcoh 8620
Epcoh 8640
Epcoh 8660
Epcoh 8680
Epcoh 8700
Epcoh 8720
Epcoh 8740
Epcoh 8760
Epcoh 8780
Epcoh 8800
Epcoh 8820
Epcoh 8840
Epcoh 8860
Epcoh 8880
Epcoh 8900
Epcoh 8920
Epcoh 8940
Epcoh 8960
Epcoh 8980
Epcoh 9000
Epcoh 9020
Epcoh 9040
Epcoh 9060
Epcoh 9080
Epcoh 9100
Epcoh 9120
Epcoh 9140
Epcoh 9160
Epcoh 9180
Epcoh 9200
Epcoh 9220
Epcoh 9240
Epcoh 9260
Epcoh 9280
Epcoh 9300
Epcoh 9320
Epcoh 9340
Epcoh 9360
Epcoh 9380
Epcoh 9400
Epcoh 9420
Epcoh 9440
Epcoh 9460
Epcoh 9480
Epcoh 9500
Epcoh 9520
Epcoh 9540
Epcoh 9560
Epcoh 9580
Epcoh 9600
Epcoh 9620
Epcoh 9640
Epcoh 9660
Epcoh 9680
Epcoh 9700
Epcoh 9720
Epcoh 9740
Epcoh 9760
Epcoh 9780
Epcoh 9800
Epcoh 9820
Epcoh 9840
Epcoh 9860
Epcoh 9880
Epcoh 9900
Epcoh 9920
Epcoh 9940
Epcoh 9960
Epcoh 9980
Epcoh 10000
Epcoh 10020
Epcoh 10040
Epcoh 10060
Epcoh 10080
Epcoh 10100
Epcoh 10120
Epcoh 10140
Epcoh 10160
Epcoh 10180
Epcoh 10200
Epcoh 10220
Epcoh 10240
Epcoh 10260
Epcoh 10280
Epcoh 10300
Epcoh 10320
Epcoh 10340
Epcoh 10360
Epcoh 10380
Epcoh 10400
Epcoh 10420
Epcoh 10440
Epcoh 10460
Epcoh 10480
Epcoh 10500
Epcoh 10520
Epcoh 10540
Epcoh 10560
Epcoh 10580
Epcoh 10600
Epcoh 10620
Epcoh 10640
Epcoh 10660
Epcoh 10680
Epcoh 10700
Epcoh 10720
Epcoh 10740
Epcoh 10760
Epcoh 10780
Epcoh 10800
Epcoh 10820
Epcoh 10840
Epcoh 10860
Epcoh 10880
Epcoh 10900
Epcoh 10920
Epcoh 10940
Epcoh 10960
Epcoh 10980
Epcoh 11000
Epcoh 11020
Epcoh 11040
Epcoh 11060
Epcoh 11080
Epcoh 11100
Epcoh 11120
Epcoh 11140
Epcoh 11160
Epcoh 11180
Epcoh 11200
Epcoh 11220
Epcoh 11240
Epcoh 11260
Epcoh 11280
Epcoh 11300
Epcoh 11320
Epcoh 11340
Epcoh 11360
Epcoh 11380
Epcoh 11400
Epcoh 11420
Epcoh 11440
Epcoh 11460
Epcoh 11480
Epcoh 11500
Epcoh 11520
Epcoh 11540
Epcoh 11560
Epcoh 11580
Epcoh 11600
Epcoh 11620
Epcoh 11640
Epcoh 11660
Epcoh 11680
Epcoh 11700
Epcoh 11720
Epcoh 11740
Epcoh 11760
Epcoh 11780
Epcoh 11800
Epcoh 11820
Epcoh 11840
Epcoh 11860
Epcoh 11880
Epcoh 11900
Epcoh 11920
Epcoh 11940
Epcoh 11960
Epcoh 11980
Epcoh 12000
Epcoh 12020
Epcoh 12040
Epcoh 12060
Epcoh 12080
Epcoh 12100
Epcoh 12120
Epcoh 12140
Epcoh 12160
Epcoh 12180
Epcoh 12200
Epcoh 12220
Epcoh 12240
Epcoh 12260
Epcoh 12280
Epcoh 12300
Epcoh 12320
Epcoh 12340
Epcoh 12360
Epcoh 12380
Epcoh 12400
Epcoh 12420
Epcoh 12440
Epcoh 12460
Epcoh 12480
Epcoh 12500
Epcoh 12520
Epcoh 12540
Epcoh 12560
Epcoh 12580
Epcoh 12600
Epcoh 12620
Epcoh 12640
Epcoh 12660
Epcoh 12680
Epcoh 12700
Epcoh 12720
Epcoh 12740
Epcoh 12760
Epcoh 12780
Epcoh 12800
Epcoh 12820
Epcoh 12840
Epcoh 12860
Epcoh 12880
Epcoh 12900
Epcoh 12920
Epcoh 12940
Epcoh 12960
Epcoh 12980
Epcoh 13000
Epcoh 13020
Epcoh 13040
Epcoh 13060
Epcoh 13080
Epcoh 13100
Epcoh 13120
Epcoh 13140
Epcoh 13160
Epcoh 13180
Epcoh 13200
Epcoh 13220
Epcoh 13240
Epcoh 13260
Epcoh 13280
Epcoh 13300
Epcoh 13320
Epcoh 13340
Epcoh 13360
Epcoh 13380
Epcoh 13400
Epcoh 13420
Epcoh 13440
Epcoh 13460
Epcoh 13480
Epcoh 13500
Epcoh 13520
Epcoh 13540
Epcoh 13560
Epcoh 13580
Epcoh 13600
Epcoh 13620
Epcoh 13640
Epcoh 13660
Epcoh 13680
Epcoh 13700
Epcoh 13720
Epcoh 13740
Epcoh 13760
Epcoh 13780
Epcoh 13800
Epcoh 13820
Epcoh 13840
Epcoh 13860
Epcoh 13880
Epcoh 13900
Epcoh 13920
Epcoh 13940
Epcoh 13960
Epcoh 13980
Epcoh 14000
Epcoh 14020
Epcoh 14040
Epcoh 14060
Epcoh 14080
Epcoh 14100
Epcoh 14120
Epcoh 14140
Epcoh 14160
Epcoh 14180
Epcoh 14200
Epcoh 14220
Epcoh 14240
Epcoh 14260
Epcoh 14280
Epcoh 14300
Epcoh 14320
Epcoh 14340
Epcoh 14360
Epcoh 14380
Epcoh 14400
Epcoh 14420
Epcoh 14440
Epcoh 14460
Epcoh 14480
Epcoh 14500
Epcoh 14520
Epcoh 14540
Epcoh 14560
Epcoh 14580
Epcoh 14600
Epcoh 14620
Epcoh 14640
Epcoh 14660
Epcoh 14680
Epcoh 14700
Epcoh 14720
Epcoh 14740
Epcoh 14760
Epcoh 14780
Epcoh 14800
Epcoh 14820
Epcoh 14840
Epcoh 14860
Epcoh 14880
Epcoh 14900
Epcoh 14920
Epcoh 14940
Epcoh 14960
Epcoh 14980
Epcoh 15000
Epcoh 15020
Epcoh 15040
Epcoh 15060
Epcoh 15080
Epcoh 15100
Epcoh 15120
Epcoh 15140
Epcoh 15160
Epcoh 15180
Epcoh 15200
Epcoh 15220
Epcoh 15240
Epcoh 15260
Epcoh 15280
Epcoh 15300
Epcoh 15320
Epcoh 15340
Epcoh 15360
Epcoh 15380
Epcoh 15400
Epcoh 15420
Epcoh 15440
Epcoh 15460
Epcoh 15480
Epcoh 15500
Epcoh 15520
Epcoh 15540
Epcoh 15560
Epcoh 15580
Epcoh 15600
Epcoh 15620
Epcoh 15640
Epcoh 15660
Epcoh 15680
Epcoh 15700
Epcoh 15720
Epcoh 15740
Epcoh 15760
Epcoh 15780
Epcoh 15800
Epcoh 15820
Epcoh 15840
Epcoh 15860
Epcoh 15880
Epcoh 15900
Epcoh 15920
Epcoh 15940
Epcoh 15960
Epcoh 15980
Epcoh 16000
Epcoh 16020
Epcoh 16040
Epcoh 16060
Epcoh 16080
Epcoh 16100
Epcoh 16120
Epcoh 16140
Epcoh 16160
Epcoh 16180
Epcoh 16200
Epcoh 16220
Epcoh 16240
Epcoh 16260
Epcoh 16280
Epcoh 16300
Epcoh 16320
Epcoh 16340
Epcoh 16360
Epcoh 16380
Epcoh 16400
Epcoh 16420
Epcoh 16440
Epcoh 16460
Epcoh 16480
Epcoh 16500
Epcoh 16520
Epcoh 16540
Epcoh 16560
Epcoh 16580
Epcoh 16600
Epcoh 16620
Epcoh 16640
Epcoh 16660
Epcoh 16680
Epcoh 16700
Epcoh 16720
Epcoh 16740
Epcoh 16760
Epcoh 16780
Epcoh 16800
Epcoh 16820
Epcoh 16840
Epcoh 16860
Epcoh 16880
Epcoh 16900
Epcoh 16920
Epcoh 16940
Epcoh 16960
Epcoh 16980
Epcoh 17000
Epcoh 17020
Epcoh 17040
Epcoh 17060
Epcoh 17080
Epcoh 17100
Epcoh 17120
Epcoh 17140
Epcoh 17160
Epcoh 17180
Epcoh 17200
Epcoh 17220
Epcoh 17240
Epcoh 17260
Epcoh 17280
Epcoh 17300
Epcoh 17320
Epcoh 17340
Epcoh 17360
Epcoh 17380
Epcoh 17400
Epcoh 17420
Epcoh 17440
Epcoh 17460
Epcoh 17480
Epcoh 17500
Epcoh 17520
Epcoh 17540
Epcoh 17560
Epcoh 17580
Epcoh 17600
Epcoh 17620
Epcoh 17640
Epcoh 17660
Epcoh 17680
Epcoh 17700
Epcoh 17720
Epcoh 17740
Epcoh 17760
Epcoh 17780
Epcoh 17800
Epcoh 17820
Epcoh 17840
Epcoh 17860
Epcoh 17880
Epcoh 17900
Epcoh 17920
Epcoh 17940
Epcoh 17960
Epcoh 17980
Epcoh 18000
Epcoh 18020
Epcoh 18040
Epcoh 18060
Epcoh 18080
Epcoh 18100
Epcoh 18120
Epcoh 18140
Epcoh 18160
Epcoh 18180
Epcoh 18200
Epcoh 18220
Epcoh 18240
Epcoh 18260
Epcoh 18280
Epcoh 18300
Epcoh 18320
Epcoh 18340
Epcoh 18360
Epcoh 18380
Epcoh 18400
Epcoh 18420
Epcoh 18440
Epcoh 18460
Epcoh 18480
Epcoh 18500
Epcoh 18520
Epcoh 18540
Epcoh 18560
Epcoh 18580
Epcoh 18600
Epcoh 18620
Epcoh 18640
Epcoh 18660
Epcoh 18680
Epcoh 18700
Epcoh 18720
Epcoh 18740
Epcoh 18760
Epcoh 18780
Epcoh 18800
Epcoh 18820
Epcoh 18840
Epcoh 18860
Epcoh 18880
Epcoh 18900
Epcoh 18920
Epcoh 18940
Epcoh 18960
Epcoh 18980
Epcoh 19000
Epcoh 19020
Epcoh 19040
Epcoh 19060
Epcoh 19080
Epcoh 19100
Epcoh 19120
Epcoh 19140
Epcoh 19160
Epcoh 19180
Epcoh 19200
Epcoh 19220
Epcoh 19240
Epcoh 19260
Epcoh 19280
Epcoh 19300
Epcoh 19320
Epcoh 19340
Epcoh 19360
Epcoh 19380
Epcoh 19400
Epcoh 19420
Epcoh 19440
Epcoh 19460
Epcoh 19480
Epcoh 19500
Epcoh 19520
Epcoh 19540
Epcoh 19560
Epcoh 19580
Epcoh 19600
Epcoh 19620
Epcoh 19640
Epcoh 19660
Epcoh 19680
Epcoh 19700
Epcoh 19720
Epcoh 19740
Epcoh 19760
Epcoh 19780
Epcoh 19800
Epcoh 19820
Epcoh 19840
Epcoh 19860
Epcoh 19880
Epcoh 19900
Epcoh 19920
Epcoh 19940
Epcoh 19960
Epcoh 19980
Epcoh 20000
Epcoh 20020
Epcoh 20040
Epcoh 20060
Epcoh 20080
Epcoh 20100
Epcoh 20120
Epcoh 20140
Epcoh 20160
Epcoh 20180
Epcoh 20200
Epcoh 20220
Epcoh 20240
Epcoh 20260
Epcoh 20280
Epcoh 20300
Epcoh 20320
Epcoh 20340
Epcoh 20360
Epcoh 20380
Epcoh 20400
Epcoh 20420
Epcoh 20440
Epcoh 20460
Epcoh 20480
Epcoh 20500
Epcoh 20520
Epcoh 20540
Epcoh 20560
Epcoh 20580
Epcoh 20600
Epcoh 20620
Epcoh 20640
Epcoh 20660
Epcoh 20680
Epcoh 20700
Epcoh 20720
Epcoh 20740
Epcoh 20760
Epcoh 20780
Epcoh 20800
Epcoh 20820
Epcoh 20840
Epcoh 20860
Epcoh 20880
Epcoh 20900
Epcoh 20920
Epcoh 20940
Epcoh 20960
Epcoh 20980
Epcoh 21000
Epcoh 21020
Epcoh 21040
Epcoh 21060
Epcoh 21080
Epcoh 21100
Epcoh 21120
Epcoh 21140
Epcoh 21160
Epcoh 21180
Epcoh 21200
Epcoh 21220
Epcoh 21240
Epcoh 21260
Epcoh 21280
Epcoh 21300
Epcoh 21320
Epcoh 21340
Epcoh 21360
Epcoh 21380
Epcoh 21400
Epcoh 21420
Epcoh 21440
Epcoh 21460
Epcoh 21480
Epcoh 21500
Epcoh 21520
Epcoh 21540
Epcoh 21560
Epcoh 21580
Epcoh 21600
Epcoh 21620
Epcoh 21640
Epcoh 21660
Epcoh 21680
Epcoh 21700
Epcoh 21720
Epcoh 21740
Epcoh 21760
Epcoh 21780
Epcoh 21800
Epcoh 21820
Epcoh 21840
Epcoh 21860
Epcoh 21880
Epcoh 21900
Epcoh 21920
Epcoh 21940
Epcoh 21960
Epcoh 21980
Epcoh 22000
Epcoh 22020
Epcoh 22040
Epcoh 22060
Epcoh 22080
Epcoh 22100
Epcoh 22120
Epcoh 22140
Epcoh 22160
Epcoh 22180
Epcoh 22200
Epcoh 22220
Epcoh 22240
Epcoh 22260
Epcoh 22280
Epcoh 22300
Epcoh 22320
Epcoh 22340
Epcoh 22360
Epcoh 22380
Epcoh 22400
Epcoh 22420
Epcoh 22440
Epcoh 22460
Epcoh 22480
Epcoh 22500
Epcoh 22520
Epcoh 22540
Epcoh 22560
Epcoh 22580
Epcoh 22600
Epcoh 22620
Epcoh 22640
Epcoh 22660
Epcoh 22680
Epcoh 22700
Epcoh 22720
Epcoh 22740
Epcoh 22760
Epcoh 22780
Epcoh 22800
Epcoh 22820
Epcoh 22840
Epcoh 22860
Epcoh 22880
Epcoh 22900
Epcoh 22920
Epcoh 22940
Epcoh 22960
Epcoh 22980
Epcoh 23000
Epcoh 23020
Epcoh 23040
Epcoh 23060
Epcoh 23080
Epcoh 23100
Epcoh 23120
Epcoh 23140
Epcoh 23160
Epcoh 23180
Epcoh 23200
Epcoh 23220
Epcoh 23240
Epcoh 23260
Epcoh 23280
Epcoh 23300
Epcoh 23320
Epcoh 23340
Epcoh 23360
Epcoh 23380
Epcoh 23400
Epcoh 23420
Epcoh 23440
Epcoh 23460
Epcoh 23480
Epcoh 23500
Epcoh 23520
Epcoh 23540
Epcoh 23560
Epcoh 23580
Epcoh 23600
Epcoh 23620
Epcoh 23640
Epcoh 23660
Epcoh 23680
Epcoh 23700
Epcoh 23720
Epcoh 23740
Epcoh 23760
Epcoh 23780
Epcoh 23800
Epcoh 23820
Epcoh 23840
Epcoh 23860
Epcoh 23880
Epcoh 23900
Epcoh 23920
Epcoh 23940
Epcoh 23960
Epcoh 23980
Epcoh 24000
Epcoh 24020
Epcoh 24040
Epcoh 24060
Epcoh 24080
Epcoh 24100
Epcoh 24120
Epcoh 24140
Epcoh 24160
Epcoh 24180
Epcoh 24200
Epcoh 24220
Epcoh 24240
Epcoh 24260
Epcoh 24280
Epcoh 24300
Epcoh 24320
Epcoh 24340
Epcoh 24360
Epcoh 24380
Epcoh 24400
Epcoh 24420
Epcoh 24440
Epcoh 24460
Epcoh 24480
Epcoh 24500
Epcoh 24520
Epcoh 24540
Epcoh 24560
Epcoh 24580
Epcoh 24600
Epcoh 24620
Epcoh 24640
Epcoh 24660
Epcoh 24680
Epcoh 24700
Epcoh 24720
Epcoh 24740
Epcoh 24760
Epcoh 24780
Epcoh 24800
Epcoh 24820
Epcoh 24840
Epcoh 24860
Epcoh 24880
Epcoh 24900
Epcoh 24920
Epcoh 24940
Epcoh 24960
Epcoh 24980
Epcoh 25000
Epcoh 25020
Epcoh 25040
Epcoh 25060
Epcoh 25080
Epcoh 25100
Epcoh 25120
Epcoh 25140
Epcoh 25160
Epcoh 25180
Epcoh 25200
Epcoh 25220
Epcoh 25240
Epcoh 25260
Epcoh 25280
Epcoh 25300
Epcoh 25320
Epcoh 25340
Epcoh 25360
Epcoh 25380
Epcoh 25400
Epcoh 25420
Epcoh 25440
Epcoh 25460
Epcoh 25480
Epcoh 25500
Epcoh 25520
Epcoh 25540
Epcoh 25560
Epcoh 25580
Epcoh 25600
Epcoh 25620
Epcoh 25640
Epcoh 25660
Epcoh 25680
Epcoh 25700
Epcoh 25720
Epcoh 25740
Epcoh 25760
Epcoh 25780
Epcoh 25800
Epcoh 25820
Epcoh 25840
Epcoh 25860
Epcoh 25880
Epcoh 25900
Epcoh 25920
Epcoh 25940
Epcoh 25960
Epcoh 25980
Epcoh 26000
Epcoh 26020
Epcoh 26040
Epcoh 26060
Epcoh 26080
Epcoh 26100
Epcoh 26120
Epcoh 26140
Epcoh 26160
Epcoh 26180
Epcoh 26200
Epcoh 26220
Epcoh 26240
Epcoh 26260
Epcoh 26280
Epcoh 26300
Epcoh 26320
Epcoh 26340
Epcoh 26360
Epcoh 26380
Epcoh 26400
Epcoh 26420
Epcoh 26440
Epcoh 26460
Epcoh 26480
Epcoh 26500
Epcoh 26520
Epcoh 26540
Epcoh 26560
Epcoh 26580
Epcoh 26600
Epcoh 26620
Epcoh 26640
Epcoh 26660
Epcoh 26680
Epcoh 26700
Epcoh 26720
Epcoh 26740
Epcoh 26760
Epcoh 26780
Epcoh 26800
Epcoh 26820
Epcoh 26840
Epcoh 26860
Epcoh 26880
Epcoh 26900
Epcoh 26920
Epcoh 26940
Epcoh 26960
Epcoh 26980
Epcoh 27000
Epcoh 27020
Epcoh 27040
Epcoh 27060
Epcoh 27080
Epcoh 27100
Epcoh 27120
Epcoh 27140
Epcoh 27160
Epcoh 27180
Epcoh 27200
Epcoh 27220
Epcoh 27240
Epcoh 27260
Epcoh 27280
Epcoh 27300
Epcoh 27320
Epcoh 27340
Epcoh 27360
Epcoh 27380
Epcoh 27400
Epcoh 27420
Epcoh 27440
Epcoh 27460
Epcoh 27480
Epcoh 27500
Epcoh 27520
Epcoh 27540
Epcoh 27560
Epcoh 27580
Epcoh 27600
Epcoh 27620
Epcoh 27640
Epcoh 27660
Epcoh 27680
Epcoh 27700
Epcoh 27720
Epcoh 27740
Epcoh 27760
Epcoh 27780
Epcoh 27800
Epcoh 27820
Epcoh 27840
Epcoh 27860
Epcoh 27880
Epcoh 27900
Epcoh 27920
Epcoh 27940
Epcoh 27960
Epcoh 27980
Epcoh 28000
Epcoh 28020
Epcoh 28040
Epcoh 28060
Epcoh 28080
Epcoh 28100
Epcoh 28120
Epcoh 28140
Epcoh 28160
Epcoh 28180
Epcoh 28200
Epcoh 28220
Epcoh 28240
Epcoh 28260
Epcoh 28280
Epcoh 28300
Epcoh 28320
Epcoh 28340
Epcoh 28360
Epcoh 28380
Epcoh 28400
Epcoh 28420
Epcoh 28440
Epcoh 28460
Epcoh 28480
Epcoh 28500
Epcoh 28520
Epcoh 28540
Epcoh 28560
Epcoh 28580
Epcoh 28600
Epcoh 28620
Epcoh 28640
Epcoh 28660
Epcoh 28680
Epcoh 28700
Epcoh 28720
Epcoh 28740
Epcoh 28760
Epcoh 28780
Epcoh 28800
Epcoh 28820
Epcoh 28840
Epcoh 28860
Epcoh 28880
Epcoh 28900
Epcoh 28920
Epcoh 28940
Epcoh 28960
Epcoh 28980
Epcoh 29000
Epcoh 29020
Epcoh 29040
Epcoh 29060
Epcoh 29080
Epcoh 29100
Epcoh 29120
Epcoh 29140
Epcoh 29160
Epcoh 29180
Epcoh 29200
Epcoh 29220
Epcoh 29240
Epcoh 29260
Epcoh 29280
Epcoh 29300
Epcoh 29320
Epcoh 29340
Epcoh 29360
Epcoh 29380
Epcoh 29400
Epcoh 29420
Epcoh 29440
Epcoh 29460
Epcoh 29480
Epcoh 29500
Epcoh 29520
Epcoh 29540
Epcoh 29560
Epcoh 29580
Epcoh 29600
Epcoh 29620
Epcoh 29640
Epcoh 29660
Epcoh 29680
Epcoh 29700
Epcoh 29720
Epcoh 29740
Epcoh 29760
Epcoh 29780
Epcoh 29800
Epcoh 29820
Epcoh 29840
Epcoh 29860
Epcoh 29880
Epcoh 29900
Epcoh 29920
Epcoh 29940
Epcoh 29960
Epcoh 29980
Epcoh 30000
Epcoh 30020
Epcoh 30040
Epcoh 30060
Epcoh 30080
Epcoh 30100
Epcoh 30120
Epcoh 30140
Epcoh 30160
Epcoh 30180
Epcoh 30200
Epcoh 30220
Epcoh 30240
Epcoh 30260
Epcoh 30280
Epcoh 30300
Epcoh 30320
Epcoh 30340
Epcoh 30360
Epcoh 30380
Epcoh 30400
Epcoh 30420
Epcoh 30440
Epcoh 30460
Epcoh 30480
Epcoh 30500
Epcoh 30520
Epcoh 30540
Epcoh 30560
Epcoh 30580
Epcoh 30600
Epcoh 30620
Epcoh 30640
Epcoh 30660
Epcoh 30680
Epcoh 30700
Epcoh 30720
Epcoh 30740
Epcoh 30760
Epcoh 30780
Epcoh 30800
Epcoh 30820
Epcoh 30840
Epcoh 30860
Epcoh 30880
Epcoh 30900
Epcoh 30920
Epcoh 30940
Epcoh 30960
Epcoh 30980
Epcoh 31000
Epcoh 31020
Epcoh 31040
Epcoh 31060
Epcoh 31080
Epcoh 31100
Epcoh 31120
Epcoh 31140
Epcoh 31160
Epcoh 31180
Epcoh 31200
Epcoh 31220
Epcoh 31240
Epcoh 31260
Epcoh 31280
Epcoh 31300
Epcoh 31320
Epcoh 31340
Epcoh 31360
Epcoh 31380
Epcoh 31400
Epcoh 31420
Epcoh 31440
Epcoh 31460
Epcoh 31480
Epcoh 31500
Epcoh 31520
Epcoh 31540
Epcoh 31560
Epcoh 31580
Epcoh 31600
Epcoh 31620
Epcoh 31640
Epcoh 31660
Epcoh 31680
Epcoh 31700
Epcoh 31720
Epcoh 31740
Epcoh 31760
Epcoh 31780
Epcoh 31800
Epcoh 31820
Epcoh 31840
Epcoh 31860
Epcoh 31880
Epcoh 31900
Epcoh 31920
Epcoh 31940
Epcoh 31960
Epcoh 31980
Epcoh 32000
Epcoh 32020
Epcoh 32040
Epcoh 32060
Epcoh 32080
Epcoh 32100
Epcoh 32120
Epcoh 32140
Epcoh 32160
Epcoh 32180
Epcoh 32200
Epcoh 32220
Epcoh 32240
Epcoh 32260
Epcoh 32280
Epcoh 32300
Epcoh 32320
Epcoh 32340
Epcoh 32360
Epcoh 32380
Epcoh 32400
Epcoh 32420
Epcoh 32440
Epcoh 32460
Epcoh 32480
Epcoh 32500
Epcoh 32520
Epcoh 32540
Epcoh 32560
Epcoh 32580
Epcoh 32600
Epcoh 32620
Epcoh 32640
Epcoh 32660
Epcoh 32680
Epcoh 32700
Epcoh 32720
Epcoh 32740
Epcoh 32760
Epcoh 32780
Epcoh 32800
Epcoh 32820
Epcoh 32840
Epcoh 32860
Epcoh 32880
Epcoh 32900
Epcoh 32920
Epcoh 32940
Epcoh 32960
Epcoh 32980
Epcoh 33000
Epcoh 33020
Epcoh 33040
Epcoh 33060
Epcoh 33080
Epcoh 33100
Epcoh 33120
Epcoh 33140
Epcoh 33160
Epcoh 33180
Epcoh 33200
Epcoh 33220
Epcoh 33240
Epcoh 33260
Epcoh 33280
Epcoh 33300
Epcoh 33320
Epcoh 33340
Epcoh 33360
Epcoh 33380
Epcoh 33400
Epcoh 33420
Epcoh 33440
Epcoh 33460
Epcoh 33480
Epcoh 33500
Epcoh 33520
Epcoh 33540
Epcoh 33560
Epcoh 33580
Epcoh 33600
Epcoh 33620
Epcoh 33640
Epcoh 33660
Epcoh 33680
Epcoh 33700
Epcoh 33720
Epcoh 33740
Epcoh 33760
Epcoh 33780
Epcoh 33800
Epcoh 33820
Epcoh 33840
Epcoh 33860
Epcoh 33880
Epcoh 33900
Epcoh 33920
Epcoh 33940
Epcoh 33960
Epcoh 33980
Epcoh 34000
Epcoh 34020
Epcoh 34040
Epcoh 34060
Epcoh 34080
Epcoh 34100
Epcoh 34120
Epcoh 34140
Epcoh 34160
Epcoh 34180
Epcoh 34200
Epcoh 34220
Epcoh 34240
Epcoh 34260
Epcoh 34280
Epcoh 34300
Epcoh 34320
Epcoh 34340
Epcoh 34360
Epcoh 34380
Epcoh 34400
Epcoh 34420
Epcoh 34440
Epcoh 34460
Epcoh 34480
Epcoh 34500
Epcoh 34520
Epcoh 34540
Epcoh 34560
Epcoh 34580
Epcoh 34600
Epcoh 34620
Epcoh 34640
Epcoh 34660
Epcoh 34680
Epcoh 34700
Epcoh 34720
Epcoh 34740
Epcoh 34760
Epcoh 34780
Epcoh 34800
Epcoh 34820
Epcoh 34840
Epcoh 34860
Epcoh 34880
Epcoh 34900
Epcoh 34920
Epcoh 34940
Epcoh 34960
Epcoh 34980
Epcoh 35000
Epcoh 35020
Epcoh 35040
Epcoh 35060
Epcoh 35080
Epcoh 35100
Epcoh 35120
Epcoh 35140
Epcoh 35160
Epcoh 35180
Epcoh 35200
Epcoh 35220
Epcoh 35240
Epcoh 35260
Epcoh 35280
Epcoh 35300
Epcoh 35320
Epcoh 35340
Epcoh 35360
Epcoh 35380
Epcoh 35400
Epcoh 35420
Epcoh 35440
Epcoh 35460
Epcoh 35480
Epcoh 35500
Epcoh 35520
Epcoh 35540
Epcoh 35560
Epcoh 35580
Epcoh 35600
Epcoh 35620
Epcoh 35640
Epcoh 35660
Epcoh 35680
Epcoh 35700
Epcoh 35720
Epcoh 35740
Epcoh 35760
Epcoh 35780
Epcoh 35800
Epcoh 35820
Epcoh 35840
Epcoh 35860
Epcoh 35880
Epcoh 35900
Epcoh 35920
Epcoh 35940
Epcoh 35960
Epcoh 35980
Epcoh 36000
Epcoh 36020
Epcoh 36040
Epcoh 36060
Epcoh 36080
Epcoh 36100
Epcoh 36120
Epcoh 36140
Epcoh 36160
Epcoh 36180
Epcoh 36200
Epcoh 36220
Epcoh 36240
Epcoh 36260
Epcoh 36280
Epcoh 36300
Epcoh 36320
Epcoh 36340
Epcoh 36360
Epcoh 36380
Epcoh 36400
Epcoh 36420
Epcoh 36440
Epcoh 36460
Epcoh 36480
Epcoh 36500
Epcoh 36520
Epcoh 36540
Epcoh 36560
Epcoh 36580
Epcoh 36600
Epcoh 36620
Epcoh 36640
Epcoh 36660
Epcoh 36680
Epcoh 36700
Epcoh 36720
Epcoh 36740
Epcoh 36760
Epcoh 36780
Epcoh 36800
Epcoh 36820
Epcoh 36840
Epcoh 36860
Epcoh 36880
Epcoh 36900
Epcoh 36920
Epcoh 36940
Epcoh 36960
Epcoh 36980
Epcoh 37000
Epcoh 37020
Epcoh 37040
Epcoh 37060
Epcoh 37080
Epcoh 37100
Epcoh 37120
Epcoh 37140
Epcoh 37160
Epcoh 37180
Epcoh 37200
Epcoh 37220
Epcoh 37240
Epcoh 37260
Epcoh 37280
Epcoh 37300
Epcoh 37320
Epcoh 37340
Epcoh 37360
Epcoh 37380
Epcoh 37400
Epcoh 37420
Epcoh 37440
Epcoh 37460
Epcoh 37480
Epcoh 37500
Epcoh 37520
Epcoh 37540
Epcoh 37560
Epcoh 37580
Epcoh 37600
Epcoh 37620
Epcoh 37640
Epcoh 37660
Epcoh 37680
Epcoh 37700
Epcoh 37720
Epcoh 37740
Epcoh 37760
Epcoh 37780
Epcoh 37800
Epcoh 37820
Epcoh 37840
Epcoh 37860
Epcoh 37880
Epcoh 37900
Epcoh 37920
Epcoh 37940
Epcoh 37960
Epcoh 37980
Epcoh 38000
Epcoh 38020
Epcoh 38040
Epcoh 38060
Epcoh 38080
Epcoh 38100
Epcoh 38120
Epcoh 38140
Epcoh 38160
Epcoh 38180
Epcoh 38200
Epcoh 38220
Epcoh 38240
Epcoh 38260
Epcoh 38280
Epcoh 38300
Epcoh 38320
Epcoh 38340
Epcoh 38360
Epcoh 38380
Epcoh 38400
Epcoh 38420
Epcoh 38440
Epcoh 38460
Epcoh 38480
Epcoh 38500
Epcoh 38520
Epcoh 38540
Epcoh 38560
Epcoh 38580
Epcoh 38600
Epcoh 38620
Epcoh 38640
Epcoh 38660
Epcoh 38680
Epcoh 38700
Epcoh 38720
Epcoh 38740
Epcoh 38760
Epcoh 38780
Epcoh 38800
Epcoh 38820
Epcoh 38840
Epcoh 38860
Epcoh 38880
Epcoh 38900
Epcoh 38920
Epcoh 38940
Epcoh 38960
Epcoh 38980
Epcoh 39000
Epcoh 39020
Epcoh 39040
Epcoh 39060
Epcoh 39080
Epcoh 39100
Epcoh 39120
Epcoh 39140
Epcoh 39160
Epcoh 39180
Epcoh 39200
Epcoh 39220
Epcoh 39240
Epcoh 39260
Epcoh 39280
Epcoh 39300
Epcoh 39320
Epcoh 39340
Epcoh 39360
Epcoh 39380
Epcoh 39400
Epcoh 39420
Epcoh 39440
Epcoh 39460
Epcoh 39480
Epcoh 39500
Epcoh 39520
Epcoh 39540
Epcoh 39560
Epcoh 39580
Epcoh 39600
Epcoh 39620
Epcoh 39640
Epcoh 39660
Epcoh 39680
Epcoh 39700
Epcoh 39720
Epcoh 39740
Epcoh 39760
Epcoh 39780
Epcoh 39800
Epcoh 39820
Epcoh 39840
Epcoh 39860
Epcoh 39880
Epcoh 39900
Epcoh 39920
Epcoh 39940
Epcoh 39960
Epcoh 39980
Epcoh 40000
Epcoh 40020
Epcoh 40040
Epcoh 40060
Epcoh 40080
Epcoh 40100
Epcoh 40120
Epcoh 40140
Epcoh 40160
Epcoh 40180
Epcoh 40200
Epcoh 40220
Epcoh 40240
Epcoh 40260
Epcoh 40280
Epcoh 40300
Epcoh 40320
Epcoh 40340
Epcoh 40360
Epcoh 40380
Epcoh 40400
Epcoh 40420
Epcoh 40440
Epcoh 40460
Epcoh 40480
Epcoh 40500
Epcoh 40520
Epcoh 40540
Epcoh 40560
Epcoh 40580
Epcoh 40600
Epcoh 40620
Epcoh 40640
Epcoh 40660
Epcoh 40680
Epcoh 40700
Epcoh 40720
Epcoh 40740
Epcoh 40760
Epcoh 40780
Epcoh 40800
Epcoh 40820
Epcoh 40840
Epcoh 40860
Epcoh 40880
Epcoh 40900
Epcoh 40920
Epcoh 40940
Epcoh 40960
Epcoh 40980
Epcoh 41000
Epcoh 41020
Epcoh 41040
Epcoh 41060
Epcoh 41080
Epcoh 41100
Epcoh 41120
Epcoh 41140
Epcoh 41160
Epcoh 41180
Epcoh 41200
Epcoh 41220
Epcoh 41240
Epcoh 41260
Epcoh 41280
Epcoh 41300
Epcoh 41320
Epcoh 41340
Epcoh 41360
Epcoh 41380
Epcoh 41400
Epcoh 41420
Epcoh 41440
Epcoh 41460
Epcoh 41480
Epcoh 41500
Epcoh 41520
Epcoh 41540
Epcoh 41560
Epcoh 41580
Epcoh 41600
Epcoh 41620
Epcoh 41640
Epcoh 41660
Epcoh 41680
Epcoh 41700
Epcoh 41720
Epcoh 41740
Epcoh 41760
Epcoh 41780
Epcoh 41800
Epcoh 41820
Epcoh 41840
Epcoh 41860
Epcoh 41880
Epcoh 41900
Epcoh 41920
Epcoh 41940
Epcoh 41960
Epcoh 41980
Epcoh 42000
Epcoh 42020
Epcoh 42040
Epcoh 42060
Epcoh 42080
Epcoh 42100
Epcoh 42120
Epcoh 42140
Epcoh 42160
Epcoh 42180
Epcoh 42200
Epcoh 42220
Epcoh 42240
Epcoh 42260
Epcoh 42280
Epcoh 42300
Epcoh 42320
Epcoh 42340
Epcoh 42360
Epcoh 42380
Epcoh 42400
Epcoh 42420
Epcoh 42440
Epcoh 42460
Epcoh 42480
Epcoh 42500
Epcoh 42520
Epcoh 42540
Epcoh 42560
Epcoh 42580
Epcoh 42600
Epcoh 42620
Epcoh 42640
Epcoh 42660
Epcoh 42680
Epcoh 42700
Epcoh 42720
Epcoh 42740
Epcoh 42760
Epcoh 42780
Epcoh 42800
Epcoh 42820
Epcoh 42840
Epcoh 42860
Epcoh 42880
Epcoh 42900
Epcoh 42920
Epcoh 42940
Epcoh 42960
Epcoh 42980
Epcoh 43000
Epcoh 43020
Epcoh 43040
Epcoh 43060
Epcoh 43080
Epcoh 43100
Epcoh 43120
Epcoh 43140
Epcoh 43160
Epcoh 43180
Epcoh 43200
Epcoh 43220
Epcoh 43240
Epcoh 43260
Epcoh 43280
Epcoh 43300
Epcoh 43320
Epcoh 43340
Epcoh 43360
Epcoh 43380
Epcoh 43400
Epcoh 43420
Epcoh 43440
Epcoh 43460
Epcoh 43480
Epcoh 43500
Epcoh 43520
Epcoh 43540
Epcoh 43560
Epcoh 43580
Epcoh 43600
Epcoh 43620
Epcoh 43640
Epcoh 43660
Epcoh 43680
Epcoh 43700
Epcoh 43720
Epcoh 43740
Epcoh 43760
Epcoh 43780
Epcoh 43800
Epcoh 43820
Epcoh 43840
Epcoh 43860
Epcoh 43880
Epcoh 43900
Epcoh 43920
Epcoh 43940
Epcoh 43960
Epcoh 43980
Epcoh 44000
Epcoh 44020
Epcoh 44040
Epcoh 44060
Epcoh 44080
Epcoh 44100
Epcoh 44120
Epcoh 44140
Epcoh 44160
Epcoh 44180
Epcoh 44200
Epcoh 44220
Epcoh 44240
Epcoh 44260
Epcoh 44280
Epcoh 44300
Epcoh 44320
Epcoh 44340
Epcoh 44360
Epcoh 44380
Epcoh 44400
Epcoh 44420
Epcoh 44440
Epcoh 44460
Epcoh 44480
Epcoh 44500
Epcoh 44520
Epcoh 44540
Epcoh 44560
Epcoh 44580
Epcoh 44600
Epcoh 44620
Epcoh 44640
Epcoh 44660
Epcoh 44680
Epcoh 44700
Epcoh 44720
Epcoh 44740
Epcoh 44760
Epcoh 44780
Epcoh 44800
Epcoh 44820
Epcoh 44840
Epcoh 44860
Epcoh 44880
Epcoh 44900
Epcoh 44920
Epcoh 44940
Epcoh 44960
Epcoh 44980
Epcoh 45000
Epcoh 45020
Epcoh 45040
Epcoh 45060
Epcoh 45080
Epcoh 45100
Epcoh 45120
Epcoh 45140
Epcoh 45160
Epcoh 45180
Epcoh 45200
Epcoh 45220
Epcoh 45240
Epcoh 45260
Epcoh 45280
Epcoh 45300
Epcoh 45320
Epcoh 45340
Epcoh 45360
Epcoh 45380
Epcoh 45400
Epcoh 45420
Epcoh 45440
Epcoh 45460
Epcoh 45480
Epcoh 45500
Epcoh 45520
Epcoh 45540
Epcoh 45560
Epcoh 45580
Epcoh 45600
Epcoh 45620
Epcoh 45640
Epcoh 45660
Epcoh 45680
Epcoh 45700
Epcoh 45720
Epcoh 45740
Epcoh 45760
Epcoh 45780
Epcoh 45800
Epcoh 45820
Epcoh 45840
Epcoh 45860
Epcoh 45880
Epcoh 45900
Epcoh 45920
Epcoh 45940
Epcoh 45960
Epcoh 45980
Epcoh 46000
Epcoh 46020
Epcoh 46040
Epcoh 46060
Epcoh 46080
Epcoh 46100
Epcoh 46120
Epcoh 46140
Epcoh 46160
Epcoh 46180
Epcoh 46200
Epcoh 46220
Epcoh 46240
Epcoh 46260
Epcoh 46280
Epcoh 46300
Epcoh 46320
Epcoh 46340
Epcoh 46360
Epcoh 46380
Epcoh 46400
Epcoh 46420
Epcoh 46440
Epcoh 46460
Epcoh 46480
Epcoh 46500
Epcoh 46520
Epcoh 46540
Epcoh 46560
Epcoh 46580
Epcoh 46600
Epcoh 46620
Epcoh 46640
Epcoh 46660
Epcoh 46680
Epcoh 46700
Epcoh 46720
Epcoh 46740
Epcoh 46760
Epcoh 46780
Epcoh 46800
Epcoh 46820
Epcoh 46840
Epcoh 46860
Epcoh 46880
Epcoh 46900
Epcoh 46920
Epcoh 46940
Epcoh 46960
Epcoh 46980
Epcoh 47000
Epcoh 47020
Epcoh 47040
Epcoh 47060
Epcoh 47080
Epcoh 47100
Epcoh 47120
Epcoh 47140
Epcoh 47160
Epcoh 47180
Epcoh 47200
Epcoh 47220
Epcoh 47240
Epcoh 47260
Epcoh 47280
Epcoh 47300
Epcoh 47320
Epcoh 47340
Epcoh 47360
Epcoh 47380
Epcoh 47400
Epcoh 47420
Epcoh 47440
Epcoh 47460
Epcoh 47480
Epcoh 47500
Epcoh 47520
Epcoh 47540
Epcoh 47560
Epcoh 47580
Epcoh 47600
Epcoh 47620
Epcoh 47640
Epcoh 47660
Epcoh 47680
Epcoh 47700
Epcoh 47720
Epcoh 47740
Epcoh 47760
Epcoh 47780
Epcoh 47800
Epcoh 47820
Epcoh 47840
Epcoh 47860
Epcoh 47880
Epcoh 47900
Epcoh 47920
Epcoh 47940
Epcoh 47960
Epcoh 47980
Epcoh 48000
Epcoh 48020
Epcoh 48040
Epcoh 48060
Epcoh 48080
Epcoh 48100
Epcoh 48120
Epcoh 48140
Epcoh 48160
Epcoh 48180
Epcoh 48200
Epcoh 48220
Epcoh 48240
Epcoh 48260
Epcoh 48280
Epcoh 48300
Epcoh 48320
Epcoh 48340
Epcoh 48360
Epcoh 48380
Epcoh 48400
Epcoh 48420
Epcoh 48440
Epcoh 48460
Epcoh 48480
Epcoh 48500
Epcoh 48520
Epcoh 48540
Epcoh 48560
Epcoh 48580
Epcoh 48600
Epcoh 48620
Epcoh 48640
Epcoh 48660
Epcoh 48680
Epcoh 48700
Epcoh 48720
Epcoh 48740
Epcoh 48760
Epcoh 48780
Epcoh 48800
Epcoh 48820
Epcoh 48840
Epcoh 48860
Epcoh 48880
Epcoh 48900
Epcoh 48920
Epcoh 48940
Epcoh 48960
Epcoh 48980
Epcoh 49000
Epcoh 49020
Epcoh 49040
Epcoh 49060
Epcoh 49080
Epcoh 49100
Epcoh 49120
Epcoh 49140
Epcoh 49160
Epcoh 49180
Epcoh 49200
Epcoh 49220
Epcoh 49240
Epcoh 49260
Epcoh 49280
Epcoh 49300
Epcoh 49320
Epcoh 49340
Epcoh 49360
Epcoh 49380
Epcoh 49400
Epcoh 49420
Epcoh 49440
Epcoh 49460
Epcoh 49480
Epcoh 49500
Epcoh 49520
Epcoh 49540
Epcoh 49560
Epcoh 49580
Epcoh 49600
Epcoh 49620
Epcoh 49640
Epcoh 49660
Epcoh 49680
Epcoh 49700
Epcoh 49720
Epcoh 49740
Epcoh 49760
Epcoh 49780
Epcoh 49800
Epcoh 49820
Epcoh 49840
Epcoh 49860
Epcoh 49880
Epcoh 49900
Epcoh 49920
Epcoh 49940
Epcoh 49960
Epcoh 49980
Epcoh 50000
Epcoh 50020
Epcoh 50040
Epcoh 50060
Epcoh 50080
Epcoh 50100
Epcoh 50120
Epcoh 50140
Epcoh 50160
Epcoh 50180
Epcoh 50200
Epcoh 50220
Epcoh 50240
Epcoh 50260
Epcoh 50280
Epcoh 50300
Epcoh 50320
Epcoh 50340
Epcoh 50360
Epcoh 50380
Epcoh 50400
Epcoh 50420
Epcoh 50440
Epcoh 50460
Epcoh 50480
Epcoh 50500
Epcoh 50520
Epcoh 50540
Epcoh 50560
Epcoh 50580
Epcoh 50600
Epcoh 50620
Epcoh 50640
Epcoh 50660
Epcoh 50680
Epcoh 50700
Epcoh 50720
Epcoh 50740
Epcoh 50760
Epcoh 50780
Epcoh 50800
Epcoh 50820
Epcoh 50840
Epcoh 50860
Epcoh 50880
Epcoh 50900
Epcoh 50920
Epcoh 50940
Epcoh 50960
Epcoh 50980
Epcoh 51000
Epcoh 51020
Epcoh 51040
Epcoh 51060
Epcoh 51080
Epcoh 51100
Epcoh 51120
Epcoh 51140
Epcoh 51160
Epcoh 51180
Epcoh 51200
Epcoh 51220
Epcoh 51240
Epcoh 51260
Epcoh 51280
Epcoh 51300
Epcoh 51320
Epcoh 51340
Epcoh 51360
Epcoh 51380
Epcoh 51400
Epcoh 51420
Epcoh 51440
Epcoh 51460
Epcoh 51480
Epcoh 51500
Epcoh 51520
Epcoh 51540
Epcoh 51560
Epcoh 51580
Epcoh 51600
Epcoh 51620
Epcoh 51640
Epcoh 51660
Epcoh 51680
Epcoh 51700
Epcoh 51720
Epcoh 51740
Epcoh 51760
Epcoh 51780
Epcoh 51800
Epcoh 51820
Epcoh 51840
Epcoh 51860
Epcoh 51880
Epcoh 51900
Epcoh 51920
Epcoh 51940
Epcoh 51960
Epcoh 51980
Epcoh 52000
Epcoh 52020
Epcoh 52040
Epcoh 52060
Epcoh 52080
Epcoh 52100
Epcoh 52120
Epcoh 52140
Epcoh 52160
Epcoh 52180
Epcoh 52200
Epcoh 52220
Epcoh 52240
Epcoh 52260
Epcoh 52280
Epcoh 52300
Epcoh 52320
Epcoh 52340
Epcoh 52360
Epcoh 52380
Epcoh 52400
Epcoh 52420
Epcoh 52440
Epcoh 52460
Epcoh 52480
Epcoh 52500
Epcoh 52520
Epcoh 52540
Epcoh 52560
Epcoh 52580
Epcoh 52600
Epcoh 52620
Epcoh 52640
Epcoh 52660
Epcoh 52680
Epcoh 52700
Epcoh 52720
Epcoh 52740
Epcoh 52760
Epcoh 52780
Epcoh 52800
Epcoh 52820
Epcoh 52840
Epcoh 52860
Epcoh 52880
Epcoh 52900
Epcoh 52920
Epcoh 52940
Epcoh 52960
Epcoh 52980
Epcoh 53000
Epcoh 53020
Epcoh 53040
Epcoh 53060
Epcoh 53080
Epcoh 53100
Epcoh 53120
Epcoh 53140
Epcoh 53160
Epcoh 53180
Epcoh 53200
Epcoh 53220
Epcoh 53240
Epcoh 53260
Epcoh 53280
Epcoh 53300
Epcoh 53320
Epcoh 53340
Epcoh 53360
Epcoh 53380
Epcoh 53400
Epcoh 53420
Epcoh 53440
Epcoh 53460
Epcoh 53480
Epcoh 53500
Epcoh 53520
Epcoh 53540
Epcoh 53560
Epcoh 53580
Epcoh 53600
Epcoh 53620
Epcoh 53640
Epcoh 53660
Epcoh 53680
Epcoh 53700
Epcoh 53720
Epcoh 53740
Epcoh 53760
Epcoh 53780
Epcoh 53800
Epcoh 53820
Epcoh 53840
Epcoh 53860
Epcoh 53880
Epcoh 53900
Epcoh 53920
Epcoh 53940
Epcoh 53960
Epcoh 53980
Epcoh 54000
Epcoh 54020
Epcoh 54040
Epcoh 54060
Epcoh 54080
Epcoh 54100
Epcoh 54120
Epcoh 54140
Epcoh 54160
Epcoh 54180
Epcoh 54200
Epcoh 54220
Epcoh 54240
Epcoh 54260
Epcoh 54280
Epcoh 54300
Epcoh 54320
Epcoh 54340
Epcoh 54360
Epcoh 54380
Epcoh 54400
Epcoh 54420
Epcoh 54440
Epcoh 54460
Epcoh 54480
Epcoh 54500
Epcoh 54520
Epcoh 54540
Epcoh 54560
Epcoh 54580
Epcoh 54600
Epcoh 54620
Epcoh 54640
Epcoh 54660
Epcoh 54680
Epcoh 54700
Epcoh 54720
Epcoh 54740
Epcoh 54760
Epcoh 54780
Epcoh 54800
Epcoh 54820
Epcoh 54840
Epcoh 54860
Epcoh 54880
Epcoh 54900
Epcoh 54920
Epcoh 54940
Epcoh 54960
Epcoh 54980
Epcoh 55000
Epcoh 55020
Epcoh 55040
Epcoh 55060
Epcoh 55080
Epcoh 55100
Epcoh 55120
Epcoh 55140
Epcoh 55160
Epcoh 55180
Epcoh 55200
Epcoh 55220
Epcoh 55240
Epcoh 55260
Epcoh 55280
Epcoh 55300
Epcoh 55320
Epcoh 55340
Epcoh 55360
Epcoh 55380
Epcoh 55400
Epcoh 55420
Epcoh 55440
Epcoh 55460
Epcoh 55480
Epcoh 55500
Epcoh 55520
Epcoh 55540
Epcoh 55560
Epcoh 55580
Epcoh 55600
Epcoh 55620
Epcoh 55640
Epcoh 55660
Epcoh 55680
Epcoh 55700
Epcoh 55720
Epcoh 55740
Epcoh 55760
Epcoh 55780
Epcoh 55800
Epcoh 55820
Epcoh 55840
Epcoh 55860
Epcoh 55880
Epcoh 55900
Epcoh 55920
Epcoh 55940
Epcoh 55960
Epcoh 55980
Epcoh 56000
Epcoh 56020
Epcoh 56040
Epcoh 56060
Epcoh 56080
Epcoh 56100
Epcoh 56120
Epcoh 56140
Epcoh 56160
Epcoh 56180
Epcoh 56200
Epcoh 56220
Epcoh 56240
Epcoh 56260
Epcoh 56280
Epcoh 56300
Epcoh 56320
Epcoh 56340
Epcoh 56360
Epcoh 56380
Epcoh 56400
Epcoh 56420
Epcoh 56440
Epcoh 56460
Epcoh 56480
Epcoh 56500
Epcoh 56520
Epcoh 56540
Epcoh 56560
Epcoh 56580
Epcoh 56600
Epcoh 56620
Epcoh 56640
Epcoh 56660
Epcoh 56680
Epcoh 56700
Epcoh 56720
Epcoh 56740
Epcoh 56760
Epcoh 56780
Epcoh 56800
Epcoh 56820
Epcoh 56840
Epcoh 56860
Epcoh 56880
Epcoh 56900
Epcoh 56920
Epcoh 56940
Epcoh 56960
Epcoh 56980
Epcoh 57000
Epcoh 57020
Epcoh 57040
Epcoh 57060
Epcoh 57080
Epcoh 57100
Epcoh 57120
Epcoh 57140
Epcoh 57160
Epcoh 57180
Epcoh 57200
Epcoh 57220
Epcoh 57240
Epcoh 57260
Epcoh 57280
Epcoh 57300
Epcoh 57320
Epcoh 57340
Epcoh 57360
Epcoh 57380
Epcoh 57400
Epcoh 57420
Epcoh 57440
Epcoh 57460
Epcoh 57480
Epcoh 57500
Epcoh 57520
Epcoh 57540
Epcoh 57560
Epcoh 57580
Epcoh 57600
Epcoh 57620
Epcoh 57640
Epcoh 57660
Epcoh 57680
Epcoh 57700
Epcoh 57720
Epcoh 57740
Epcoh 57760
Epcoh 57780
Epcoh 57800
Epcoh 57820
Epcoh 57840
Epcoh 57860
Epcoh 57880
Epcoh 57900
Epcoh 57920
Epcoh 57940
Epcoh 57960
Epcoh 57980
Epcoh 58000
Epcoh 58020
Epcoh 58040
Epcoh 58060
Epcoh 58080
Epcoh 58100
Epcoh 58120
Epcoh 58140
Epcoh 58160
Epcoh 58180
Epcoh 58200
Epcoh 58220
Epcoh 58240
Epcoh 58260
Epcoh 58280
Epcoh 58300
Epcoh 58320
Epcoh 58340
Epcoh 58360
Epcoh 58380
Epcoh 58400
Epcoh 58420
Epcoh 58440
Epcoh 58460
Epcoh 58480
Epcoh 58500
Epcoh 58520
Epcoh 58540
Epcoh 58560
Epcoh 58580
Epcoh 58600
Epcoh 58620
Epcoh 58640
Epcoh 58660
Epcoh 58680
Epcoh 58700
Epcoh 58720
Epcoh 58740
Epcoh 58760
Epcoh 58780
Epcoh 58800
Epcoh 58820
Epcoh 58840
Epcoh 58860
Epcoh 58880
Epcoh 58900
Epcoh 58920
Epcoh 58940
Epcoh 58960
Epcoh 58980
Epcoh 59000
Epcoh 59020
Epcoh 59040
Epcoh 59060
Epcoh 59080
Epcoh 59100
Epcoh 59120
Epcoh 59140
Epcoh 59160
Epcoh 59180
Epcoh 59200
Epcoh 59220
Epcoh 59240
Epcoh 59260
Epcoh 59280
Epcoh 59300
Epcoh 59320
Epcoh 59340
Epcoh 59360
Epcoh 59380
Epcoh 59400
Epcoh 59420
Epcoh 59440
Epcoh 59460
Epcoh 59480
Epcoh 59500
Epcoh 59520
Epcoh 59540
Epcoh 59560
Epcoh 59580
Epcoh 59600
Epcoh 59620
Epcoh 59640
Epcoh 59660
Epcoh 59680
Epcoh 59700
Epcoh 59720
Epcoh 59740
Epcoh 59760
Epcoh 59780
Epcoh 59800
Epcoh 59820
Epcoh 59840
Epcoh 59860
Epcoh 59880
Epcoh 59900
Epcoh 59920
Epcoh 59940
Epcoh 59960
Epcoh 59980
Epcoh 60000
Epcoh 60020
Epcoh 60040
Epcoh 60060
Epcoh 60080
Epcoh 60100
Epcoh 60120
Epcoh 60140
Epcoh 60160
Epcoh 60180
Epcoh 60200
Epcoh 60220
Epcoh 60240
Epcoh 60260
Epcoh 60280
Epcoh 60300
Epcoh 60320
Epcoh 60340
Epcoh 60360
Epcoh 60380
Epcoh 60400
Epcoh 60420
Epcoh 60440
Epcoh 60460
Epcoh 60480
Epcoh 60500
Epcoh 60520
Epcoh 60540
Epcoh 60560
Epcoh 60580
Epcoh 60600
Epcoh 60620
Epcoh 60640
Epcoh 60660
Epcoh 60680
Epcoh 60700
Epcoh 60720
Epcoh 60740
Epcoh 60760
Epcoh 60780
Epcoh 60800
Epcoh 60820
Epcoh 60840
Epcoh 60860
Epcoh 60880
Epcoh 60900
Epcoh 60920
Epcoh 60940
Epcoh 60960
Epcoh 60980
Epcoh 61000
Epcoh 61020
Epcoh 61040
Epcoh 61060
Epcoh 61080
Epcoh 61100
Epcoh 61120
Epcoh 61140
Epcoh 61160
Epcoh 61180
Epcoh 61200
Epcoh 61220
Epcoh 61240
Epcoh 61260
Epcoh 61280
Epcoh 61300
Epcoh 61320
Epcoh 61340
Epcoh 61360
Epcoh 61380
Epcoh 61400
Epcoh 61420
Epcoh 61440
Epcoh 61460
Epcoh 61480
Epcoh 61500
Epcoh 61520
Epcoh 61540
Epcoh 61560
Epcoh 61580
Epcoh 61600
Epcoh 61620
Epcoh 61640
Epcoh 61660
Epcoh 61680
Epcoh 61700
Epcoh 61720
Epcoh 61740
Epcoh 61760
Epcoh 61780
Epcoh 61800
Epcoh 61820
Epcoh 61840
Epcoh 61860
Epcoh 61880
Epcoh 61900
Epcoh 61920
Epcoh 61940
Epcoh 61960
Epcoh 61980
Epcoh 62000
Epcoh 62020
Epcoh 62040
Epcoh 62060
Epcoh 62080
Epcoh 62100
Epcoh 62120
Epcoh 62140
Epcoh 62160
Epcoh 62180
Epcoh 62200
Epcoh 62220
Epcoh 62240
Epcoh 62260
Epcoh 62280
Epcoh 62300
Epcoh 62320
Epcoh 62340
Epcoh 62360
Epcoh 62380
Epcoh 62400
Epcoh 62420
Epcoh 62440
Epcoh 62460
Epcoh 62480
Epcoh 62500
Epcoh 62520
Epcoh 62540
Epcoh 62560
Epcoh 62580
Epcoh 62600
Epcoh 62620
Epcoh 62640
Epcoh 62660
Epcoh 62680
Epcoh 62700
Epcoh 62720
Epcoh 62740
Epcoh 62760
Epcoh 62780
Epcoh 62800
Epcoh 62820
Epcoh 62840
Epcoh 62860
Epcoh 62880
Epcoh 62900
Epcoh 62920
Epcoh 62940
Epcoh 62960
Epcoh 62980
Epcoh 63000
Epcoh 63020
Epcoh 63040
Epcoh 63060
Epcoh 63080
Epcoh 63100
Epcoh 63120
Epcoh 63140
Epcoh 63160
Epcoh 63180
Epcoh 63200
Epcoh 63220
Epcoh 63240
Epcoh 63260
Epcoh 63280
Epcoh 63300
Epcoh 63320
Epcoh 63340
Epcoh 63360
Epcoh 63380
Epcoh 63400
Epcoh 63420
Epcoh 63440
Epcoh 63460
Epcoh 63480
Epcoh 63500
Epcoh 63520
Epcoh 63540
Epcoh 63560
Epcoh 63580
Epcoh 63600
Epcoh 63620
Epcoh 63640
Epcoh 63660
Epcoh 63680
Epcoh 63700
Epcoh 63720
Epcoh 63740
Epcoh 63760
Epcoh 63780
Epcoh 63800
Epcoh 63820
Epcoh 63840
Epcoh 63860
Epcoh 63880
Epcoh 63900
Epcoh 63920
Epcoh 63940
Epcoh 63960
Epcoh 63980
Epcoh 64000
Epcoh 64020
Epcoh 64040
Epcoh 64060
Epcoh 64080
Epcoh 64100
Epcoh 64120
Epcoh 64140
Epcoh 64160
Epcoh 64180
Epcoh 64200
Epcoh 64220
Epcoh 64240
Epcoh 64260
Epcoh 64280
Epcoh 64300
Epcoh 64320
Epcoh 64340
Epcoh 64360
Epcoh 64380
Epcoh 64400
Epcoh 64420
Epcoh 64440
Epcoh 64460
Epcoh 64480
Epcoh 64500
Epcoh 64520
Epcoh 64540
Epcoh 64560
Epcoh 64580
Epcoh 64600
Epcoh 64620
Epcoh 64640
Epcoh 64660
Epcoh 64680
Epcoh 64700
Epcoh 64720
Epcoh 64740
Epcoh 64760
Epcoh 64780
Epcoh 64800
Epcoh 64820
Epcoh 64840
Epcoh 64860
Epcoh 64880
Epcoh 64900
Epcoh 64920
Epcoh 64940
Epcoh 64960
Epcoh 64980
Epcoh 65000
Epcoh 65020
Epcoh 65040
Epcoh 65060
Epcoh 65080
Epcoh 65100
Epcoh 65120
Epcoh 65140
Epcoh 65160
Epcoh 65180
Epcoh 65200
Epcoh 65220
Epcoh 65240
Epcoh 65260
Epcoh 65280
Epcoh 65300
Epcoh 65320
Epcoh 65340
Epcoh 65360
Epcoh 65380
Epcoh 65400
Epcoh 65420
Epcoh 65440
Epcoh 65460
Epcoh 65480
Epcoh 65500
Epcoh 65520
Epcoh 65540
Epcoh 65560
Epcoh 65580
Epcoh 65600
Epcoh 65620
Epcoh 65640
Epcoh 65660
Epcoh 65680
Epcoh 65700
Epcoh 65720
Epcoh 65740
Epcoh 65760
Epcoh 65780
Epcoh 65800
Epcoh 65820
Epcoh 65840
Epcoh 65860
Epcoh 65880
Epcoh 65900
Epcoh 65920
Epcoh 65940
Epcoh 65960
Epcoh 65980
Epcoh 66000
Epcoh 66020
Epcoh 66040
Epcoh 66060
Epcoh 66080
Epcoh 66100
Epcoh 66120
Epcoh 66140
Epcoh 66160
Epcoh 66180
Epcoh 66200
Epcoh 66220
Epcoh 66240
Epcoh 66260
Epcoh 66280
Epcoh 66300
Epcoh 66320
Epcoh 66340
Epcoh 66360
Epcoh 66380
Epcoh 66400
Epcoh 66420
Epcoh 66440
Epcoh 66460
Epcoh 66480
Epcoh 66500
Epcoh 66520
Epcoh 66540
Epcoh 66560
Epcoh 66580
Epcoh 66600
Epcoh 66620
Epcoh 66640
Epcoh 66660
Epcoh 66680
Epcoh 66700
Epcoh 66720
Epcoh 66740
Epcoh 66760
Epcoh 66780
Epcoh 66800
Epcoh 66820
Epcoh 66840
Epcoh 66860
Epcoh 66880
Epcoh 66900
Epcoh 66920
Epcoh 66940
Epcoh 66960
Epcoh 66980
Epcoh 67000
Epcoh 67020
Epcoh 67040
Epcoh 67060
Epcoh 67080
Epcoh 67100
Epcoh 67120
Epcoh 67140
Epcoh 67160
Epcoh 67180
Epcoh 67200
Epcoh 67220
Epcoh 67240
Epcoh 67260
Epcoh 67280
Epcoh 67300
Epcoh 67320
Epcoh 67340
Epcoh 67360
Epcoh 67380
Epcoh 67400
Epcoh 67420
Epcoh 67440
Epcoh 67460
Epcoh 67480
Epcoh 67500
Epcoh 67520
Epcoh 67540
Epcoh 67560
Epcoh 67580
Epcoh 67600
Epcoh 67620
Epcoh 67640
Epcoh 67660
Epcoh 67680
Epcoh 67700
Epcoh 67720
Epcoh 67740
Epcoh 67760
Epcoh 67780
Epcoh 67800
Epcoh 67820
Epcoh 67840
Epcoh 67860
Epcoh 67880
Epcoh 67900
Epcoh 67920
Epcoh 67940
Epcoh 67960
Epcoh 67980
Epcoh 68000
Epcoh 68020
Epcoh 68040
Epcoh 68060
Epcoh 68080
Epcoh 68100
Epcoh 68120
Epcoh 68140
Epcoh 68160
Epcoh 68180
Epcoh 68200
Epcoh 68220
Epcoh 68240
Epcoh 68260
Epcoh 68280
Epcoh 68300
Epcoh 68320
Epcoh 68340
Epcoh 68360
Epcoh 68380
Epcoh 68400
Epcoh 68420
Epcoh 68440
Epcoh 68460
Epcoh 68480
Epcoh 68500
Epcoh 68520
Epcoh 68540
Epcoh 68560
Epcoh 68580
Epcoh 68600
Epcoh 68620
Epcoh 68640
Epcoh 68660
Epcoh 68680
Epcoh 68700
Epcoh 68720
Epcoh 68740
Epcoh 68760
Epcoh 68780
Epcoh 68800
Epcoh 68820
Epcoh 68840
Epcoh 68860
Epcoh 68880
Epcoh 68900
Epcoh 68920
Epcoh 68940
Epcoh 68960
Epcoh 68980
Epcoh 69000
Epcoh 69020
Epcoh 69040
Epcoh 69060
Epcoh 69080
Epcoh 69100
Epcoh 69120
Epcoh 69140
Epcoh 69160
Epcoh 69180
Epcoh 69200
Epcoh 69220
Epcoh 69240
Epcoh 69260
Epcoh 69280
Epcoh 69300
Epcoh 69320
Epcoh 69340
Epcoh 69360
Epcoh 69380
Epcoh 69400
Epcoh 69420
Epcoh 69440
Epcoh 69460
Epcoh 69480
Epcoh 69500
Epcoh 69520
Epcoh 69540
Epcoh 69560
Epcoh 69580
Epcoh 69600
Epcoh 69620
Epcoh 69640
Epcoh 69660
Epcoh 69680
Epcoh 69700
Epcoh 69720
Epcoh 69740
Epcoh 69760
Epcoh 69780
Epcoh 69800
Epcoh 69820
Epcoh 69840
Epcoh 69860
Epcoh 69880
Epcoh 69900
Epcoh 69920
Epcoh 69940
Epcoh 69960
Epcoh 69980
Epcoh 70000
Epcoh 70020
Epcoh 70040
Epcoh 70060
Epcoh 70080
Epcoh 70100
Epcoh 70120
Epcoh 70140
Epcoh 70160
Epcoh 70180
Epcoh 70200
Epcoh 70220
Epcoh 70240
Epcoh 70260
Epcoh 70280
Epcoh 70300
Epcoh 70320
Epcoh 70340
Epcoh 70360
Epcoh 70380
Epcoh 70400
Epcoh 70420
Epcoh 70440
Epcoh 70460
Epcoh 70480
Epcoh 70500
Epcoh 70520
Epcoh 70540
Epcoh 70560
Epcoh 70580
Epcoh 70600
Epcoh 70620
Epcoh 70640
Epcoh 70660
Epcoh 70680
Epcoh 70700
Epcoh 70720
Epcoh 70740
Epcoh 70760
Epcoh 70780
Epcoh 70800
Epcoh 70820
Epcoh 70840
Epcoh 70860
Epcoh 70880
Epcoh 70900
Epcoh 70920
Epcoh 70940
Epcoh 70960
Epcoh 70980
Epcoh 71000
Epcoh 71020
Epcoh 71040
Epcoh 71060
Epcoh 71080
Epcoh 71100
Epcoh 71120
Epcoh 71140
Epcoh 71160
Epcoh 71180
Epcoh 71200
Epcoh 71220
Epcoh 71240
Epcoh 71260
Epcoh 71280
Epcoh 71300
Epcoh 71320
Epcoh 71340
Epcoh 71360
Epcoh 71380
Epcoh 71400
Epcoh 71420
Epcoh 71440
Epcoh 71460
Epcoh 71480
Epcoh 71500
Epcoh 71520
Epcoh 71540
Epcoh 71560
Epcoh 71580
Epcoh 71600
Epcoh 71620
Epcoh 71640
Epcoh 71660
Epcoh 71680
Epcoh 71700
Epcoh 71720
Epcoh 71740
Epcoh 71760
Epcoh 71780
Epcoh 71800
Epcoh 71820
Epcoh 71840
Epcoh 71860
Epcoh 71880
Epcoh 71900
Epcoh 71920
Epcoh 71940
Epcoh 71960
Epcoh 71980
Epcoh 72000
Epcoh 72020
Epcoh 72040
Epcoh 72060
Epcoh 72080
Epcoh 72100
Epcoh 72120
Epcoh 72140
Epcoh 72160
Epcoh 72180
Epcoh 72200
Epcoh 72220
Epcoh 72240
Epcoh 72260
Epcoh 72280
Epcoh 72300
Epcoh 72320
Epcoh 72340
Epcoh 72360
Epcoh 72380
Epcoh 72400
Epcoh 72420
Epcoh 72440
Epcoh 72460
Epcoh 72480
Epcoh 72500
Epcoh 72520
Epcoh 72540
Epcoh 72560
Epcoh 72580
Epcoh 72600
Epcoh 72620
Epcoh 72640
Epcoh 72660
Epcoh 72680
Epcoh 72700
Epcoh 72720
Epcoh 72740
Epcoh 72760
Epcoh 72780
Epcoh 72800
Epcoh 72820
Epcoh 72840
Epcoh 72860
Epcoh 72880
Epcoh 72900
Epcoh 72920
Epcoh 72940
Epcoh 72960
Epcoh 72980
Epcoh 73000
Epcoh 73020
Epcoh 73040
Epcoh 73060
Epcoh 73080
Epcoh 73100
Epcoh 73120
Epcoh 73140
Epcoh 73160
Epcoh 73180
Epcoh 73200
Epcoh 73220
Epcoh 73240
Epcoh 73260
Epcoh 73280
Epcoh 73300
Epcoh 73320
Epcoh 73340
Epcoh 73360
Epcoh 73380
Epcoh 73400
Epcoh 73420
Epcoh 73440
Epcoh 73460
Epcoh 73480
Epcoh 73500
Epcoh 73520
Epcoh 73540
Epcoh 73560
Epcoh 73580
Epcoh 73600
Epcoh 73620
Epcoh 73640
Epcoh 73660
Epcoh 73680
Epcoh 73700
Epcoh 73720
Epcoh 73740
Epcoh 73760
Epcoh 73780
Epcoh 73800
Epcoh 73820
Epcoh 73840
Epcoh 73860
Epcoh 73880
Epcoh 73900
Epcoh 73920
Epcoh 73940
Epcoh 73960
Epcoh 73980
Epcoh 74000
Epcoh 74020
Epcoh 74040
Epcoh 74060
Epcoh 74080
Epcoh 74100
Epcoh 74120
Epcoh 74140
Epcoh 74160
Epcoh 74180
Epcoh 74200
Epcoh 74220
Epcoh 74240
Epcoh 74260
Epcoh 74280
Epcoh 74300
Epcoh 74320
Epcoh 74340
Epcoh 74360
Epcoh 74380
Epcoh 74400
Epcoh 74420
Epcoh 74440
Epcoh 74460
Epcoh 74480
Epcoh 74500
Epcoh 74520
Epcoh 74540
Epcoh 74560
Epcoh 74580
Epcoh 74600
Epcoh 74620
Epcoh 74640
Epcoh 74660
Epcoh 74680
Epcoh 74700
Epcoh 74720
Epcoh 74740
Epcoh 74760
Epcoh 74780
Epcoh 74800
Epcoh 74820
Epcoh 74840
Epcoh 74860
Epcoh 74880
Epcoh 74900
Epcoh 74920
Epcoh 74940
Epcoh 74960
Epcoh 74980
Epcoh 75000
Epcoh 75020
Epcoh 75040
Epcoh 75060
Epcoh 75080
Epcoh 75100
Epcoh 75120
Epcoh 75140
Epcoh 75160
Epcoh 75180
Epcoh 75200
Epcoh 75220
Epcoh 75240
Epcoh 75260
Epcoh 75280
Epcoh 75300
Epcoh 75320
Epcoh 75340
Epcoh 75360
Epcoh 75380
Epcoh 75400
Epcoh 75420
Epcoh 75440
Epcoh 75460
Epcoh 75480
Epcoh 75500
Epcoh 75520
Epcoh 75540
Epcoh 75560
Epcoh 75580
Epcoh 75600
Epcoh 75620
Epcoh 75640
Epcoh 75660
Epcoh 75680
Epcoh 75700
Epcoh 75720
Epcoh 75740
Epcoh 75760
Epcoh 75780
Epcoh 75800
Epcoh 75820
Epcoh 75840
Epcoh 75860
Epcoh 75880
Epcoh 75900
Epcoh 75920
Epcoh 75940
Epcoh 75960
Epcoh 75980
Epcoh 76000
Epcoh 76020
Epcoh 76040
Epcoh 76060
Epcoh 76080
Epcoh 76100
Epcoh 76120
Epcoh 76140
Epcoh 76160
Epcoh 76180
Epcoh 76200
Epcoh 76220
Epcoh 76240
Epcoh 76260
Epcoh 76280
Epcoh 76300
Epcoh 76320
Epcoh 76340
Epcoh 76360
Epcoh 76380
Epcoh 76400
Epcoh 76420
Epcoh 76440
Epcoh 76460
Epcoh 76480
Epcoh 76500
Epcoh 76520
Epcoh 76540
Epcoh 76560
Epcoh 76580
Epcoh 76600
Epcoh 76620
Epcoh 76640
Epcoh 76660
Epcoh 76680
Epcoh 76700
Epcoh 76720
Epcoh 76740
Epcoh 76760
Epcoh 76780
Epcoh 76800
Epcoh 76820
Epcoh 76840
Epcoh 76860
Epcoh 76880
Epcoh 76900
Epcoh 76920
Epcoh 76940
Epcoh 76960
Epcoh 76980
Epcoh 77000
Epcoh 77020
Epcoh 77040
Epcoh 77060
Epcoh 77080
Epcoh 77100
Epcoh 77120
Epcoh 77140
Epcoh 77160
Epcoh 77180
Epcoh 77200
Epcoh 77220
Epcoh 77240
Epcoh 77260
Epcoh 77280
Epcoh 77300
Epcoh 77320
Epcoh 77340
Epcoh 77360
Epcoh 77380
Epcoh 77400
Epcoh 77420
Epcoh 77440
Epcoh 77460
Epcoh 77480
Epcoh 77500
Epcoh 77520
Epcoh 77540
Epcoh 77560
Epcoh 77580
Epcoh 77600
Epcoh 77620
Epcoh 77640
Epcoh 77660
Epcoh 77680
Epcoh 77700
Epcoh 77720
Epcoh 77740
Epcoh 77760
Epcoh 77780
Epcoh 77800
Epcoh 77820
Epcoh 77840
Epcoh 77860
Epcoh 77880
Epcoh 77900
Epcoh 77920
Epcoh 77940
Epcoh 77960
Epcoh 77980
Epcoh 78000
Epcoh 78020
Epcoh 78040
Epcoh 78060
Epcoh 78080
Epcoh 78100
Epcoh 78120
Epcoh 78140
Epcoh 78160
Epcoh 78180
Epcoh 78200
Epcoh 78220
Epcoh 78240
Epcoh 78260
Epcoh 78280
Epcoh 78300
Epcoh 78320
Epcoh 78340
Epcoh 78360
Epcoh 78380
Epcoh 78400
Epcoh 78420
Epcoh 78440
Epcoh 78460
Epcoh 78480
Epcoh 78500
Epcoh 78520
Epcoh 78540
Epcoh 78560
Epcoh 78580
Epcoh 78600
Epcoh 78620
Epcoh 78640
Epcoh 78660
Epcoh 78680
Epcoh 78700
Epcoh 78720
Epcoh 78740
Epcoh 78760
Epcoh 78780
Epcoh 78800
Epcoh 78820
Epcoh 78840
Epcoh 78860
Epcoh 78880
Epcoh 78900
Epcoh 78920
Epcoh 78940
Epcoh 78960
Epcoh 78980
Epcoh 79000
Epcoh 79020
Epcoh 79040
Epcoh 79060
Epcoh 79080
Epcoh 79100
Epcoh 79120
Epcoh 79140
Epcoh 79160
Epcoh 79180
Epcoh 79200
Epcoh 79220
Epcoh 79240
Epcoh 79260
Epcoh 79280
Epcoh 79300
Epcoh 79320
Epcoh 79340
Epcoh 79360
Epcoh 79380
Epcoh 79400
Epcoh 79420
Epcoh 79440
Epcoh 79460
Epcoh 79480
Epcoh 79500
Epcoh 79520
Epcoh 79540
Epcoh 79560
Epcoh 79580
Epcoh 79600
Epcoh 79620
Epcoh 79640
Epcoh 79660
Epcoh 79680
Epcoh 79700
Epcoh 79720
Epcoh 79740
Epcoh 79760
Epcoh 79780
Epcoh 79800
Epcoh 79820
Epcoh 79840
Epcoh 79860
Epcoh 79880
Epcoh 79900
Epcoh 79920
Epcoh 79940
Epcoh 79960
Epcoh 79980
Epcoh 80000
Epcoh 80020
Epcoh 80040
Epcoh 80060
Epcoh 80080
Epcoh 80100
Epcoh 80120
Epcoh 80140
Epcoh 80160
Epcoh 80180
Epcoh 80200
Epcoh 80220
Epcoh 80240
Epcoh 80260
Epcoh 80280
Epcoh 80300
Epcoh 80320
Epcoh 80340
Epcoh 80360
Epcoh 80380
Epcoh 80400
Epcoh 80420
Epcoh 80440
Epcoh 80460
Epcoh 80480
Epcoh 80500
Epcoh 80520
Epcoh 80540
Epcoh 80560
Epcoh 80580
Epcoh 80600
Epcoh 80620
Epcoh 80640
Epcoh 80660
Epcoh 80680
Epcoh 80700
Epcoh 80720
Epcoh 80740
Epcoh 80760
Epcoh 80780
Epcoh 80800
Epcoh 80820
Epcoh 80840
Epcoh 80860
Epcoh 80880
Epcoh 80900
Epcoh 80920
Epcoh 80940
Epcoh 80960
Epcoh 80980
Epcoh 81000
Epcoh 81020
Epcoh 81040
Epcoh 81060
Epcoh 81080
Epcoh 81100
Epcoh 81120
Epcoh 81140
Epcoh 81160
Epcoh 81180
Epcoh 81200
Epcoh 81220
Epcoh 81240
Epcoh 81260
Epcoh 81280
Epcoh 81300
Epcoh 81320
Epcoh 81340
Epcoh 81360
Epcoh 81380
Epcoh 81400
Epcoh 81420
Epcoh 81440
Epcoh 81460
Epcoh 81480
Epcoh 81500
Epcoh 81520
Epcoh 81540
Epcoh 81560
Epcoh 81580
Epcoh 81600
Epcoh 81620
Epcoh 81640
Epcoh 81660
Epcoh 81680
Epcoh 81700
Epcoh 81720
Epcoh 81740
Epcoh 81760
Epcoh 81780
Epcoh 81800
Epcoh 81820
Epcoh 81840
Epcoh 81860
Epcoh 81880
Epcoh 81900
Epcoh 81920
Epcoh 81940
Epcoh 81960
Epcoh 81980
Epcoh 82000
Epcoh 82020
Epcoh 82040
Epcoh 82060
Epcoh 82080
Epcoh 82100
Epcoh 82120
Epcoh 82140
Epcoh 82160
Epcoh 82180
Epcoh 82200
Epcoh 82220
Epcoh 82240
Epcoh 82260
Epcoh 82280
Epcoh 82300
Epcoh 82320
Epcoh 82340
Epcoh 82360
Epcoh 82380
Epcoh 82400
Epcoh 82420
Epcoh 82440
Epcoh 82460
Epcoh 82480
Epcoh 82500
Epcoh 82520
Epcoh 82540
Epcoh 82560
Epcoh 82580
Epcoh 82600
Epcoh 82620
Epcoh 82640
Epcoh 82660
Epcoh 82680
Epcoh 82700
Epcoh 82720
Epcoh 82740
Epcoh 82760
Epcoh 82780
Epcoh 82800
Epcoh 82820
Epcoh 82840
Epcoh 82860
Epcoh 82880
Epcoh 82900
Epcoh 82920
Epcoh 82940
Epcoh 82960
Epcoh 82980
Epcoh 83000
Epcoh 83020
Epcoh 83040
Epcoh 83060
Epcoh 83080
Epcoh 83100
Epcoh 83120
Epcoh 83140
Epcoh 83160
Epcoh 83180
Epcoh 83200
Epcoh 83220
Epcoh 83240
Epcoh 83260
Epcoh 83280
Epcoh 83300
Epcoh 83320
Epcoh 83340
Epcoh 83360
Epcoh 83380
Epcoh 83400
Epcoh 83420
Epcoh 83440
Epcoh 83460
Epcoh 83480
Epcoh 83500
Epcoh 83520
Epcoh 83540
Epcoh 83560
Epcoh 83580
Epcoh 83600
Epcoh 83620
Epcoh 83640
Epcoh 83660
Epcoh 83680
Epcoh 83700
Epcoh 83720
Epcoh 83740
Epcoh 83760
Epcoh 83780
Epcoh 83800
Epcoh 83820
Epcoh 83840
Epcoh 83860
Epcoh 83880
Epcoh 83900
Epcoh 83920
Epcoh 83940
Epcoh 83960
Epcoh 83980
Epcoh 84000
Epcoh 84020
Epcoh 84040
Epcoh 84060
Epcoh 84080
Epcoh 84100
Epcoh 84120
Epcoh 84140
Epcoh 84160
Epcoh 84180
Epcoh 84200
Epcoh 84220
Epcoh 84240
Epcoh 84260
Epcoh 84280
Epcoh 84300
Epcoh 84320
Epcoh 84340
Epcoh 84360
Epcoh 84380
Epcoh 84400
Epcoh 84420
Epcoh 84440
Epcoh 84460
Epcoh 84480
Epcoh 84500
Epcoh 84520
Epcoh 84540
Epcoh 84560
Epcoh 84580
Epcoh 84600
Epcoh 84620
Epcoh 84640
Epcoh 84660
Epcoh 84680
Epcoh 84700
Epcoh 84720
Epcoh 84740
Epcoh 84760
Epcoh 84780
Epcoh 84800
Epcoh 84820
Epcoh 84840
Epcoh 84860
Epcoh 84880
Epcoh 84900
Epcoh 84920
Epcoh 84940
Epcoh 84960
Epcoh 84980
Epcoh 85000
Epcoh 85020
Epcoh 85040
Epcoh 85060
Epcoh 85080
Epcoh 85100
Epcoh 85120
Epcoh 85140
Epcoh 85160
Epcoh 85180
Epcoh 85200
Epcoh 85220
Epcoh 85240
Epcoh 85260
Epcoh 85280
Epcoh 85300
Epcoh 85320
Epcoh 85340
Epcoh 85360
Epcoh 85380
Epcoh 85400
Epcoh 85420
Epcoh 85440
Epcoh 85460
Epcoh 85480
Epcoh 85500
Epcoh 85520
Epcoh 85540
Epcoh 85560
Epcoh 85580
Epcoh 85600
Epcoh 85620
Epcoh 85640
Epcoh 85660
Epcoh 85680
Epcoh 85700
Epcoh 85720
Epcoh 85740
Epcoh 85760
Epcoh 85780
Epcoh 85800
Epcoh 85820
Epcoh 85840
Epcoh 85860
Epcoh 85880
Epcoh 85900
Epcoh 85920
Epcoh 85940
Epcoh 85960
Epcoh 85980
Epcoh 86000
Epcoh 86020
Epcoh 86040
Epcoh 86060
Epcoh 86080
Epcoh 86100
Epcoh 86120
Epcoh 86140
Epcoh 86160
Epcoh 86180
Epcoh 86200
Epcoh 86220
Epcoh 86240
Epcoh 86260
Epcoh 86280
Epcoh 86300
Epcoh 86320
Epcoh 86340
Epcoh 86360
Epcoh 86380
Epcoh 86400
Epcoh 86420
Epcoh 86440
Epcoh 86460
Epcoh 86480
Epcoh 86500
Epcoh 86520
Epcoh 86540
Epcoh 86560
Epcoh 86580
Epcoh 86600
Epcoh 86620
Epcoh 86640
Epcoh 86660
Epcoh 86680
Epcoh 86700
Epcoh 86720
Epcoh 86740
Epcoh 86760
Epcoh 86780
Epcoh 86800
Epcoh 86820
Epcoh 86840
Epcoh 86860
Epcoh 86880
Epcoh 86900
Epcoh 86920
Epcoh 86940
Epcoh 86960
Epcoh 86980
Epcoh 87000
Epcoh 87020
Epcoh 87040
Epcoh 87060
Epcoh 87080
Epcoh 87100
Epcoh 87120
Epcoh 87140
Epcoh 87160
Epcoh 87180
Epcoh 87200
Epcoh 87220
Epcoh 87240
Epcoh 87260
Epcoh 87280
Epcoh 87300
Epcoh 87320
Epcoh 87340
Epcoh 87360
Epcoh 87380
Epcoh 87400
Epcoh 87420
Epcoh 87440
Epcoh 87460
Epcoh 87480
Epcoh 87500
Epcoh 87520
Epcoh 87540
Epcoh 87560
Epcoh 87580
Epcoh 87600
Epcoh 87620
Epcoh 87640
Epcoh 87660
Epcoh 87680
Epcoh 87700
Epcoh 87720
Epcoh 87740
Epcoh 87760
Epcoh 87780
Epcoh 87800
Epcoh 87820
Epcoh 87840
Epcoh 87860
Epcoh 87880
Epcoh 87900
Epcoh 87920
Epcoh 87940
Epcoh 87960
Epcoh 87980
Epcoh 88000
Epcoh 88020
Epcoh 88040
Epcoh 88060
Epcoh 88080
Epcoh 88100
Epcoh 88120
Epcoh 88140
Epcoh 88160
Epcoh 88180
Epcoh 88200
Epcoh 88220
Epcoh 88240
Epcoh 88260
Epcoh 88280
Epcoh 88300
Epcoh 88320
Epcoh 88340
Epcoh 88360
Epcoh 88380
Epcoh 88400
Epcoh 88420
Epcoh 88440
Epcoh 88460
Epcoh 88480
Epcoh 88500
Epcoh 88520
Epcoh 88540
Epcoh 88560
Epcoh 88580
Epcoh 88600
Epcoh 88620
Epcoh 88640
Epcoh 88660
Epcoh 88680
Epcoh 88700
Epcoh 88720
Epcoh 88740
Epcoh 88760
Epcoh 88780
Epcoh 88800
Epcoh 88820
Epcoh 88840
Epcoh 88860
Epcoh 88880
Epcoh 88900
Epcoh 88920
Epcoh 88940
Epcoh 88960
Epcoh 88980
Epcoh 89000
Epcoh 89020
Epcoh 89040
Epcoh 89060
Epcoh 89080
Epcoh 89100
Epcoh 89120
Epcoh 89140
Epcoh 89160
Epcoh 89180
Epcoh 89200
Epcoh 89220
Epcoh 89240
Epcoh 89260
Epcoh 89280
Epcoh 89300
Epcoh 89320
Epcoh 89340
Epcoh 89360
Epcoh 89380
Epcoh 89400
Epcoh 89420
Epcoh 89440
Epcoh 89460
Epcoh 89480
Epcoh 89500
Epcoh 89520
Epcoh 89540
Epcoh 89560
Epcoh 89580
Epcoh 89600
Epcoh 89620
Epcoh 89640
Epcoh 89660
Epcoh 89680
Epcoh 89700
Epcoh 89720
Epcoh 89740
Epcoh 89760
Epcoh 89780
Epcoh 89800
Epcoh 89820
Epcoh 89840
Epcoh 89860
Epcoh 89880
Epcoh 89900
Epcoh 89920
Epcoh 89940
Epcoh 89960
Epcoh 89980
Epcoh 90000
Epcoh 90020
Epcoh 90040
Epcoh 90060
Epcoh 90080
Epcoh 90100
Epcoh 90120
Epcoh 90140
Epcoh 90160
Epcoh 90180
Epcoh 90200
Epcoh 90220
Epcoh 90240
Epcoh 90260
Epcoh 90280
Epcoh 90300
Epcoh 90320
Epcoh 90340
Epcoh 90360
Epcoh 90380
Epcoh 90400
Epcoh 90420
Epcoh 90440
Epcoh 90460
Epcoh 90480
Epcoh 90500
Epcoh 90520
Epcoh 90540
Epcoh 90560
Epcoh 90580
Epcoh 90600
Epcoh 90620
Epcoh 90640
Epcoh 90660
Epcoh 90680
Epcoh 90700
Epcoh 90720
Epcoh 90740
Epcoh 90760
Epcoh 90780
Epcoh 90800
Epcoh 90820
Epcoh 90840
Epcoh 90860
Epcoh 90880
Epcoh 90900
Epcoh 90920
Epcoh 90940
Epcoh 90960
Epcoh 90980
Epcoh 91000
Epcoh 91020
Epcoh 91040
Epcoh 91060
Epcoh 91080
Epcoh 91100
Epcoh 91120
Epcoh 91140
Epcoh 91160
Epcoh 91180
Epcoh 91200
Epcoh 91220
Epcoh 91240
Epcoh 91260
Epcoh 91280
Epcoh 91300
Epcoh 91320
Epcoh 91340
Epcoh 91360
Epcoh 91380
Epcoh 91400
Epcoh 91420
Epcoh 91440
Epcoh 91460
Epcoh 91480
Epcoh 91500
Epcoh 91520
Epcoh 91540
Epcoh 91560
Epcoh 91580
Epcoh 91600
Epcoh 91620
Epcoh 91640
Epcoh 91660
Epcoh 91680
Epcoh 91700
Epcoh 91720
Epcoh 91740
Epcoh 91760
Epcoh 91780
Epcoh 91800
Epcoh 91820
Epcoh 91840
Epcoh 91860
Epcoh 91880
Epcoh 91900
Epcoh 91920
Epcoh 91940
Epcoh 91960
Epcoh 91980
Epcoh 92000
Epcoh 92020
Epcoh 92040
Epcoh 92060
Epcoh 92080
Epcoh 92100
Epcoh 92120
Epcoh 92140
Epcoh 92160
Epcoh 92180
Epcoh 92200
Epcoh 92220
Epcoh 92240
Epcoh 92260
Epcoh 92280
Epcoh 92300
Epcoh 92320
Epcoh 92340
Epcoh 92360
Epcoh 92380
Epcoh 92400
Epcoh 92420
Epcoh 92440
Epcoh 92460
Epcoh 92480
Epcoh 92500
Epcoh 92520
Epcoh 92540
Epcoh 92560
Epcoh 92580
Epcoh 92600
Epcoh 92620
Epcoh 92640
Epcoh 92660
Epcoh 92680
Epcoh 92700
Epcoh 92720
Epcoh 92740
Epcoh 92760
Epcoh 92780
Epcoh 92800
Epcoh 92820
Epcoh 92840
Epcoh 92860
Epcoh 92880
Epcoh 92900
Epcoh 92920
Epcoh 92940
Epcoh 92960
Epcoh 92980
Epcoh 93000
Epcoh 93020
Epcoh 93040
Epcoh 93060
Epcoh 93080
Epcoh 93100
Epcoh 93120
Epcoh 93140
Epcoh 93160
Epcoh 93180
Epcoh 93200
Epcoh 93220
Epcoh 93240
Epcoh 93260
Epcoh 93280
Epcoh 93300
Epcoh 93320
Epcoh 93340
Epcoh 93360
Epcoh 93380
Epcoh 93400
Epcoh 93420
Epcoh 93440
Epcoh 93460
Epcoh 93480
Epcoh 93500
Epcoh 93520
Epcoh 93540
Epcoh 93560
Epcoh 93580
Epcoh 93600
Epcoh 93620
Epcoh 93640
Epcoh 93660
Epcoh 93680
Epcoh 93700
Epcoh 93720
Epcoh 93740
Epcoh 93760
Epcoh 93780
Epcoh 93800
Epcoh 93820
Epcoh 93840
Epcoh 93860
Epcoh 93880
Epcoh 93900
Epcoh 93920
Epcoh 93940
Epcoh 93960
Epcoh 93980
Epcoh 94000
Epcoh 94020
Epcoh 94040
Epcoh 94060
Epcoh 94080
Epcoh 94100
Epcoh 94120
Epcoh 94140
Epcoh 94160
Epcoh 94180
Epcoh 94200
Epcoh 94220
Epcoh 94240
Epcoh 94260
Epcoh 94280
Epcoh 94300
Epcoh 94320
Epcoh 94340
Epcoh 94360
Epcoh 94380
Epcoh 94400
Epcoh 94420
Epcoh 94440
Epcoh 94460
Epcoh 94480
Epcoh 94500
Epcoh 94520
Epcoh 94540
Epcoh 94560
Epcoh 94580
Epcoh 94600
Epcoh 94620
Epcoh 94640
Epcoh 94660
Epcoh 94680
Epcoh 94700
Epcoh 94720
Epcoh 94740
Epcoh 94760
Epcoh 94780
Epcoh 94800
Epcoh 94820
Epcoh 94840
Epcoh 94860
Epcoh 94880
Epcoh 94900
Epcoh 94920
Epcoh 94940
Epcoh 94960
Epcoh 94980
Epcoh 95000
Epcoh 95020
Epcoh 95040
Epcoh 95060
Epcoh 95080
Epcoh 95100
Epcoh 95120
Epcoh 95140
Epcoh 95160
Epcoh 95180
Epcoh 95200
Epcoh 95220
Epcoh 95240
Epcoh 95260
Epcoh 95280
Epcoh 95300
Epcoh 95320
Epcoh 95340
Epcoh 95360
Epcoh 95380
Epcoh 95400
Epcoh 95420
Epcoh 95440
Epcoh 95460
Epcoh 95480
Epcoh 95500
Epcoh 95520
Epcoh 95540
Epcoh 95560
Epcoh 95580
Epcoh 95600
Epcoh 95620
Epcoh 95640
Epcoh 95660
Epcoh 95680
Epcoh 95700
Epcoh 95720
Epcoh 95740
Epcoh 95760
Epcoh 95780
Epcoh 95800
Epcoh 95820
Epcoh 95840
Epcoh 95860
Epcoh 95880
Epcoh 95900
Epcoh 95920
Epcoh 95940
Epcoh 95960
Epcoh 95980
Epcoh 96000
Epcoh 96020
Epcoh 96040
Epcoh 96060
Epcoh 96080
Epcoh 96100
Epcoh 96120
Epcoh 96140
Epcoh 96160
Epcoh 96180
Epcoh 96200
Epcoh 96220
Epcoh 96240
Epcoh 96260
Epcoh 96280
Epcoh 96300
Epcoh 96320
Epcoh 96340
Epcoh 96360
Epcoh 96380
Epcoh 96400
Epcoh 96420
Epcoh 96440
Epcoh 96460
Epcoh 96480
Epcoh 96500
Epcoh 96520
Epcoh 96540
Epcoh 96560
Epcoh 96580
Epcoh 96600
Epcoh 96620
Epcoh 96640
Epcoh 96660
Epcoh 96680
Epcoh 96700
Epcoh 96720
Epcoh 96740
Epcoh 96760
Epcoh 96780
Epcoh 96800
Epcoh 96820
Epcoh 96840
Epcoh 96860
Epcoh 96880
Epcoh 96900
Epcoh 96920
Epcoh 96940
Epcoh 96960
Epcoh 96980
Epcoh 97000
Epcoh 97020
Epcoh 97040
Epcoh 97060
Epcoh 97080
Epcoh 97100
Epcoh 97120
Epcoh 97140
Epcoh 97160
Epcoh 97180
Epcoh 97200
Epcoh 97220
Epcoh 97240
Epcoh 97260
Epcoh 97280
Epcoh 97300
Epcoh 97320
Epcoh 97340
Epcoh 97360
Epcoh 97380
Epcoh 97400
Epcoh 97420
Epcoh 97440
Epcoh 97460
Epcoh 97480
Epcoh 97500
Epcoh 97520
Epcoh 97540
Epcoh 97560
Epcoh 97580
Epcoh 97600
Epcoh 97620
Epcoh 97640
Epcoh 97660
Epcoh 97680
Epcoh 97700
Epcoh 97720
Epcoh 97740
Epcoh 97760
Epcoh 97780
Epcoh 97800
Epcoh 97820
Epcoh 97840
Epcoh 97860
Epcoh 97880
Epcoh 97900
Epcoh 97920
Epcoh 97940
Epcoh 97960
Epcoh 97980
Epcoh 98000
Epcoh 98020
Epcoh 98040
Epcoh 98060
Epcoh 98080
Epcoh 98100
Epcoh 98120
Epcoh 98140
Epcoh 98160
Epcoh 98180
Epcoh 98200
Epcoh 98220
Epcoh 98240
Epcoh 98260
Epcoh 98280
Epcoh 98300
Epcoh 98320
Epcoh 98340
Epcoh 98360
Epcoh 98380
Epcoh 98400
Epcoh 98420
Epcoh 98440
Epcoh 98460
Epcoh 98480
Epcoh 98500
Epcoh 98520
Epcoh 98540
Epcoh 98560
Epcoh 98580
Epcoh 98600
Epcoh 98620
Epcoh 98640
Epcoh 98660
Epcoh 98680
Epcoh 98700
Epcoh 98720
Epcoh 98740
Epcoh 98760
Epcoh 98780
Epcoh 98800
Epcoh 98820
Epcoh 98840
Epcoh 98860
Epcoh 98880
Epcoh 98900
Epcoh 98920
Epcoh 98940
Epcoh 98960
Epcoh 98980
Epcoh 99000
Epcoh 99020
Epcoh 99040
Epcoh 99060
Epcoh 99080
Epcoh 99100
Epcoh 99120
Epcoh 99140
Epcoh 99160
Epcoh 99180
Epcoh 99200
Epcoh 99220
Epcoh 99240
Epcoh 99260
Epcoh 99280
Epcoh 99300
Epcoh 99320
Epcoh 99340
Epcoh 99360
Epcoh 99380
Epcoh 99400
Epcoh 99420
Epcoh 99440
Epcoh 99460
Epcoh 99480
Epcoh 99500
Epcoh 99520
Epcoh 99540
Epcoh 99560
Epcoh 99580
Epcoh 99600
Epcoh 99620
Epcoh 99640
Epcoh 99660
Epcoh 99680
Epcoh 99700
Epcoh 99720
Epcoh 99740
Epcoh 99760
Epcoh 99780
Epcoh 99800
Epcoh 99820
Epcoh 99840
Epcoh 99860
Epcoh 99880
Epcoh 99900
Epcoh 99920
Epcoh 99940
Epcoh 99960
Epcoh 99980
Epcoh 100000
Epcoh 100020
Epcoh 100040
Epcoh 100060
Epcoh 100080
Epcoh 100100
Epcoh 100120
Epcoh 100140
Epcoh 100160
Epcoh 100180
Epcoh 100200
Epcoh 100220
Epcoh 100240
Epcoh 100260
Epcoh 100280
Epcoh 100300
Epcoh 100320
Epcoh 100340
Epcoh 100360
Epcoh 100380
Epcoh 100400
Epcoh 100420
Epcoh 100440
Epcoh 100460
Epcoh 100480
Epcoh 100500
Epcoh 100520
Epcoh 100540
Epcoh 100560
Epcoh 100580
Epcoh 100600
Epcoh 100620
Epcoh 100640
Epcoh 100660
Epcoh 100680
Epcoh 100700
Epcoh 100720
Epcoh 100740
Epcoh 100760
Epcoh 100780
Epcoh 100800
Epcoh 100820
Epcoh 100840
Epcoh 100860
Epcoh 100880
Epcoh 100900
Epcoh 100920
Epcoh 100940
Epcoh 100960
Epcoh 100980
Epcoh 101000
Epcoh 101020
Epcoh 101040
Epcoh 101060
Epcoh 101080
Epcoh 101100
Epcoh 101120
Epcoh 101140
Epcoh 101160
Epcoh 101180
Epcoh 101200
Epcoh 101220
Epcoh 101240
Epcoh 101260
Epcoh 101280
Epcoh 101300
Epcoh 101320
Epcoh 101340
Epcoh 101360
Epcoh 101380
Epcoh 101400
Epcoh 101420
Epcoh 101440
Epcoh 101460
Epcoh 101480
Epcoh 101500
Epcoh 101520
Epcoh 101540
Epcoh 101560
Epcoh 101580
Epcoh 101600
Epcoh 101620
Epcoh 101640
Epcoh 101660
Epcoh 101680
Epcoh 101700
Epcoh 101720
Epcoh 101740
Epcoh 101760
Epcoh 101780
Epcoh 101800
Epcoh 101820
Epcoh 101840
Epcoh 101860
Epcoh 101880
Epcoh 101900
Epcoh 101920
Epcoh 101940
Epcoh 101960
Epcoh 101980
Epcoh 102000
Epcoh 102020
Epcoh 102040
Epcoh 102060
Epcoh 102080
Epcoh 102100
Epcoh 102120
Epcoh 102140
Epcoh 102160
Epcoh 102180
Epcoh 102200
Epcoh 102220
Epcoh 102240
Epcoh 102260
Epcoh 102280
Epcoh 102300
Epcoh 102320
Epcoh 102340
Epcoh 102360
Epcoh 102380
Epcoh 102400
Epcoh 102420
Epcoh 102440
Epcoh 102460
Epcoh 102480
Epcoh 102500
Epcoh 102520
Epcoh 102540
Epcoh 102560
Epcoh 102580
Epcoh 102600
Epcoh 102620
Epcoh 102640
Epcoh 102660
Epcoh 102680
Epcoh 102700
Epcoh 102720
Epcoh 102740
Epcoh 102760
Epcoh 102780
Epcoh 102800
Epcoh 102820
Epcoh 102840
Epcoh 102860
Epcoh 102880
Epcoh 102900
Epcoh 102920
Epcoh 102940
Epcoh 102960
Epcoh 102980
Epcoh 103000
Epcoh 103020
Epcoh 103040
Epcoh 103060
Epcoh 103080
Epcoh 103100
Epcoh 103120
Epcoh 103140
Epcoh 103160
Epcoh 103180
Epcoh 103200
Epcoh 103220
Epcoh 103240
Epcoh 103260
Epcoh 103280
Epcoh 103300
Epcoh 103320
Epcoh 103340
Epcoh 103360
Epcoh 103380
Epcoh 103400
Epcoh 103420
Epcoh 103440
Epcoh 103460
Epcoh 103480
Epcoh 103500

>> STOPPED BY USER
Epcoh 103520
Epcoh 103540
Epcoh 103560
Epcoh 103580
