id:41
user_name:localhost
user_id:127.0.0.1
script:ICAN Task Executer Service
start_time:1570271553595
command:/home/cppxaxa/Downloads/ICAN/ScriptServer/PyTaskExecuterService/ServerWin.py
exit_code:1
>>>>>  OUTPUT STARTED <<<<<
/usr/local/lib/python3.6/dist-packages/tensorflow/python/framework/dtypes.py:516: FutureWarning: Passing (type, 1) or '1type' as a synonym of type is deprecated; in a future version of numpy, it will be understood as (type, (1,)) / '(1,)type'.
  _np_qint8 = np.dtype([("qint8", np.int8, 1)])
/usr/local/lib/python3.6/dist-packages/tensorflow/python/framework/dtypes.py:517: FutureWarning: Passing (type, 1) or '1type' as a synonym of type is deprecated; in a future version of numpy, it will be understood as (type, (1,)) / '(1,)type'.
  _np_quint8 = np.dtype([("quint8", np.uint8, 1)])
/usr/local/lib/python3.6/dist-packages/tensorflow/python/framework/dtypes.py:518: FutureWarning: Passing (type, 1) or '1type' as a synonym of type is deprecated; in a future version of numpy, it will be understood as (type, (1,)) / '(1,)type'.
  _np_qint16 = np.dtype([("qint16", np.int16, 1)])
/usr/local/lib/python3.6/dist-packages/tensorflow/python/framework/dtypes.py:519: FutureWarning: Passing (type, 1) or '1type' as a synonym of type is deprecated; in a future version of numpy, it will be understood as (type, (1,)) / '(1,)type'.
  _np_quint16 = np.dtype([("quint16", np.uint16, 1)])
/usr/local/lib/python3.6/dist-packages/tensorflow/python/framework/dtypes.py:520: FutureWarning: Passing (type, 1) or '1type' as a synonym of type is deprecated; in a future version of numpy, it will be understood as (type, (1,)) / '(1,)type'.
  _np_qint32 = np.dtype([("qint32", np.int32, 1)])
/usr/local/lib/python3.6/dist-packages/tensorflow/python/framework/dtypes.py:525: FutureWarning: Passing (type, 1) or '1type' as a synonym of type is deprecated; in a future version of numpy, it will be understood as (type, (1,)) / '(1,)type'.
  np_resource = np.dtype([("resource", np.ubyte, 1)])
/usr/local/lib/python3.6/dist-packages/tensorboard/compat/tensorflow_stub/dtypes.py:541: FutureWarning: Passing (type, 1) or '1type' as a synonym of type is deprecated; in a future version of numpy, it will be understood as (type, (1,)) / '(1,)type'.
  _np_qint8 = np.dtype([("qint8", np.int8, 1)])
/usr/local/lib/python3.6/dist-packages/tensorboard/compat/tensorflow_stub/dtypes.py:542: FutureWarning: Passing (type, 1) or '1type' as a synonym of type is deprecated; in a future version of numpy, it will be understood as (type, (1,)) / '(1,)type'.
  _np_quint8 = np.dtype([("quint8", np.uint8, 1)])
/usr/local/lib/python3.6/dist-packages/tensorboard/compat/tensorflow_stub/dtypes.py:543: FutureWarning: Passing (type, 1) or '1type' as a synonym of type is deprecated; in a future version of numpy, it will be understood as (type, (1,)) / '(1,)type'.
  _np_qint16 = np.dtype([("qint16", np.int16, 1)])
/usr/local/lib/python3.6/dist-packages/tensorboard/compat/tensorflow_stub/dtypes.py:544: FutureWarning: Passing (type, 1) or '1type' as a synonym of type is deprecated; in a future version of numpy, it will be understood as (type, (1,)) / '(1,)type'.
  _np_quint16 = np.dtype([("quint16", np.uint16, 1)])
/usr/local/lib/python3.6/dist-packages/tensorboard/compat/tensorflow_stub/dtypes.py:545: FutureWarning: Passing (type, 1) or '1type' as a synonym of type is deprecated; in a future version of numpy, it will be understood as (type, (1,)) / '(1,)type'.
  _np_qint32 = np.dtype([("qint32", np.int32, 1)])
/usr/local/lib/python3.6/dist-packages/tensorboard/compat/tensorflow_stub/dtypes.py:550: FutureWarning: Passing (type, 1) or '1type' as a synonym of type is deprecated; in a future version of numpy, it will be understood as (type, (1,)) / '(1,)type'.
  np_resource = np.dtype([("resource", np.ubyte, 1)])
WARNING: Logging before flag parsing goes to stderr.
W1005 16:02:52.817505 140103930804032 deprecation_wrapper.py:119] From /home/cppxaxa/Downloads/ICAN/ScriptServer/PyTaskExecuterService/object_detection/utils/label_map_util.py:103: The name tf.gfile.GFile is deprecated. Please use tf.io.gfile.GFile instead.

Traceback (most recent call last):
  File "/home/cppxaxa/Downloads/ICAN/ScriptServer/PyTaskExecuterService/ServerWin.py", line 5, in <module>
    from DrawWin import DrawProcess
  File "/home/cppxaxa/Downloads/ICAN/ScriptServer/PyTaskExecuterService/DrawWin.py", line 7, in <module>
    from minimal_object_detection_lib import *
  File "/home/cppxaxa/Downloads/ICAN/ScriptServer/PyTaskExecuterService/minimal_object_detection_lib.py", line 24, in <module>
    label_map = label_map_util.load_labelmap(PATH_TO_LABELS)
  File "/home/cppxaxa/Downloads/ICAN/ScriptServer/PyTaskExecuterService/object_detection/utils/label_map_util.py", line 104, in load_labelmap
    label_map_string = fid.read()
  File "/usr/local/lib/python3.6/dist-packages/tensorflow/python/lib/io/file_io.py", line 122, in read
    self._preread_check()
  File "/usr/local/lib/python3.6/dist-packages/tensorflow/python/lib/io/file_io.py", line 84, in _preread_check
    compat.as_bytes(self.__name), 1024 * 512)
tensorflow.python.framework.errors_impl.NotFoundError: /home/cppxaxa/Downloads/ICAN/ScriptServer/object_detection/data/mscoco_label_map.pbtxt; No such file or directory
