id:49
user_name:localhost
user_id:127.0.0.1
script:WebCam Poller
start_time:1570275979479
command:/home/cppxaxa/Downloads/ICAN/ScriptServer/CameraServer/CameraPoller.py
>>>>>  OUTPUT STARTED <<<<<
 * Serving Flask app "CameraPoller" (lazy loading)
 * Environment: production
[31m   WARNING: This is a development server. Do not use it in a production deployment.[0m
[2m   Use a production WSGI server instead.[0m
 * Debug mode: off
 * Running on http://127.0.0.1:5001/ (Press CTRL+C to quit)
127.0.0.1 - - [05/Oct/2019 17:16:39] "[37mGET /0.jpg HTTP/1.1[0m" 200 -
[2019-10-05 17:16:39,475] ERROR in app: Exception on /favicon.ico [GET]
Traceback (most recent call last):
  File "/home/cppxaxa/.local/lib/python3.6/site-packages/flask/app.py", line 2446, in wsgi_app
    response = self.full_dispatch_request()
  File "/home/cppxaxa/.local/lib/python3.6/site-packages/flask/app.py", line 1951, in full_dispatch_request
    rv = self.handle_user_exception(e)
  File "/home/cppxaxa/.local/lib/python3.6/site-packages/flask/app.py", line 1820, in handle_user_exception
    reraise(exc_type, exc_value, tb)
  File "/home/cppxaxa/.local/lib/python3.6/site-packages/flask/_compat.py", line 39, in reraise
    raise value
  File "/home/cppxaxa/.local/lib/python3.6/site-packages/flask/app.py", line 1949, in full_dispatch_request
    rv = self.dispatch_request()
  File "/home/cppxaxa/.local/lib/python3.6/site-packages/flask/app.py", line 1935, in dispatch_request
    return self.view_functions[rule.endpoint](**req.view_args)
  File "/home/cppxaxa/Downloads/ICAN/ScriptServer/CameraServer/CameraPoller.py", line 87, in get
    id = int(id)
ValueError: invalid literal for int() with base 10: 'favicon.ico'
127.0.0.1 - - [05/Oct/2019 17:16:39] "[1m[35mGET /favicon.ico HTTP/1.1[0m" 500 -
127.0.0.1 - - [05/Oct/2019 17:16:43] "[37mGET /0.jpg HTTP/1.1[0m" 200 -
[2019-10-05 17:16:43,907] ERROR in app: Exception on /favicon.ico [GET]
Traceback (most recent call last):
  File "/home/cppxaxa/.local/lib/python3.6/site-packages/flask/app.py", line 2446, in wsgi_app
    response = self.full_dispatch_request()
  File "/home/cppxaxa/.local/lib/python3.6/site-packages/flask/app.py", line 1951, in full_dispatch_request
    rv = self.handle_user_exception(e)
  File "/home/cppxaxa/.local/lib/python3.6/site-packages/flask/app.py", line 1820, in handle_user_exception
    reraise(exc_type, exc_value, tb)
  File "/home/cppxaxa/.local/lib/python3.6/site-packages/flask/_compat.py", line 39, in reraise
    raise value
  File "/home/cppxaxa/.local/lib/python3.6/site-packages/flask/app.py", line 1949, in full_dispatch_request
    rv = self.dispatch_request()
  File "/home/cppxaxa/.local/lib/python3.6/site-packages/flask/app.py", line 1935, in dispatch_request
    return self.view_functions[rule.endpoint](**req.view_args)
  File "/home/cppxaxa/Downloads/ICAN/ScriptServer/CameraServer/CameraPoller.py", line 87, in get
    id = int(id)
ValueError: invalid literal for int() with base 10: 'favicon.ico'
127.0.0.1 - - [05/Oct/2019 17:16:43] "[1m[35mGET /favicon.ico HTTP/1.1[0m" 500 -
127.0.0.1 - - [05/Oct/2019 17:16:46] "[37mGET /0.jpg HTTP/1.1[0m" 200 -
[2019-10-05 17:16:46,925] ERROR in app: Exception on /favicon.ico [GET]
Traceback (most recent call last):
  File "/home/cppxaxa/.local/lib/python3.6/site-packages/flask/app.py", line 2446, in wsgi_app
    response = self.full_dispatch_request()
  File "/home/cppxaxa/.local/lib/python3.6/site-packages/flask/app.py", line 1951, in full_dispatch_request
    rv = self.handle_user_exception(e)
  File "/home/cppxaxa/.local/lib/python3.6/site-packages/flask/app.py", line 1820, in handle_user_exception
    reraise(exc_type, exc_value, tb)
  File "/home/cppxaxa/.local/lib/python3.6/site-packages/flask/_compat.py", line 39, in reraise
    raise value
  File "/home/cppxaxa/.local/lib/python3.6/site-packages/flask/app.py", line 1949, in full_dispatch_request
    rv = self.dispatch_request()
  File "/home/cppxaxa/.local/lib/python3.6/site-packages/flask/app.py", line 1935, in dispatch_request
    return self.view_functions[rule.endpoint](**req.view_args)
  File "/home/cppxaxa/Downloads/ICAN/ScriptServer/CameraServer/CameraPoller.py", line 87, in get
    id = int(id)
ValueError: invalid literal for int() with base 10: 'favicon.ico'
127.0.0.1 - - [05/Oct/2019 17:16:46] "[1m[35mGET /favicon.ico HTTP/1.1[0m" 500 -
^C
